
*** toml-pretty-deser/src/lib.rs:1730:50: replace > with >= in <impl AsNested<P> for TomlValue<toml_edit::Item>>::as_nested

*** mutation diff:
--- toml-pretty-deser/src/lib.rs
+++ replace > with >= in <impl AsNested<P> for TomlValue<toml_edit::Item>>::as_nested
@@ -1722,17 +1722,17 @@
                             let mut helper = TomlHelper::new(table, errors.clone(), mode);
                             let partial =
                                 P::from_toml_table(&mut helper, &()).verify(&mut helper, &());
                             helper.deny_unknown();
 
                             // Collect any new errors from the nested deserialization
                             let error_count_after = errors.borrow().len();
 
-                            if error_count_after > error_count_before {
+                            if error_count_after >= /* ~ changed by cargo-mutants ~ */ error_count_before {
                                 // There were errors during nested deserialization
                                 TomlValue {
                                     value: Some(partial),
                                     required: self.required,
                                     state: TomlValueState::ValidationFailed {
                                         span: span.clone(),
                                         message: "Nested struct has errors".to_string(),
                                     },


*** /nix/store/826jircl576xphx7a459njgqfmcbd4x5-cargo-1.95.0-nightly-2026-01-21-x86_64-unknown-linux-gnu/bin/cargo test --no-run --verbose --package=toml-pretty-deser@0.1.0
       Fresh unicode-ident v1.0.22
       Fresh proc-macro2 v1.0.106
       Fresh autocfg v1.5.0
       Fresh quote v1.0.44
       Fresh winnow v0.7.14
       Fresh hashbrown v0.16.1
       Fresh equivalent v1.0.2
       Fresh indexmap v2.13.0
       Fresh toml_parser v1.0.6+spec-1.1.0
       Fresh syn v2.0.114
       Fresh memchr v2.7.6
       Fresh regex-automata v0.4.13
       Fresh toml_datetime v0.7.5+spec-1.1.0
       Fresh toml_writer v1.0.6+spec-1.1.0
       Fresh bstr v1.12.1
       Fresh num-traits v0.2.19
       Fresh toml-pretty-deser-macros v0.1.0 (/tmp/nix-shell.fWA0aw/cargo-mutants-toml-pretty-deser-Ha55Kf.tmp/toml-pretty-deser-macros)
       Fresh strsim v0.11.1
       Fresh codesnake v0.2.1
       Fresh toml_edit v0.24.0+spec-1.1.0
       Dirty toml-pretty-deser v0.1.0 (/tmp/nix-shell.fWA0aw/cargo-mutants-toml-pretty-deser-Ha55Kf.tmp/toml-pretty-deser): the file `toml-pretty-deser/src/lib.rs` has changed (1770035308.012346932s, 1s after last build at 1770035307.529367665s)
   Compiling toml-pretty-deser v0.1.0 (/tmp/nix-shell.fWA0aw/cargo-mutants-toml-pretty-deser-Ha55Kf.tmp/toml-pretty-deser)
     Running `rustc --crate-name toml_pretty_deser --edition=2024 toml-pretty-deser/src/lib.rs --error-format=json --json=diagnostic-rendered-ansi,artifacts,future-incompat --emit=dep-info,link -C embed-bitcode=no -C debuginfo=2 --test --check-cfg 'cfg(docsrs,test)' --check-cfg 'cfg(feature, values())' -C metadata=857480bb847c9bbe -C extra-filename=-07d9828939c75c69 --out-dir /home/finkernagel/.cache/cargo/target/debug/deps -C incremental=/home/finkernagel/.cache/cargo/target/debug/incremental -L dependency=/home/finkernagel/.cache/cargo/target/debug/deps --extern bstr=/home/finkernagel/.cache/cargo/target/debug/deps/libbstr-4045620ba0449622.rlib --extern codesnake=/home/finkernagel/.cache/cargo/target/debug/deps/libcodesnake-4b12368228b7ace0.rlib --extern memchr=/home/finkernagel/.cache/cargo/target/debug/deps/libmemchr-ce879c287aae1239.rlib --extern num_traits=/home/finkernagel/.cache/cargo/target/debug/deps/libnum_traits-163a578cc7663ca5.rlib --extern strsim=/home/finkernagel/.cache/cargo/target/debug/deps/libstrsim-35e26dbaedb97986.rlib --extern toml_pretty_deser_macros=/home/finkernagel/.cache/cargo/target/debug/deps/libtoml_pretty_deser_macros-f792c9db6a0b2842.so --extern toml_edit=/home/finkernagel/.cache/cargo/target/debug/deps/libtoml_edit-6ba341dc50ff9c99.rlib -C link-arg=-fuse-ld=mold`
     Running `rustc --crate-name toml_pretty_deser --edition=2024 toml-pretty-deser/src/lib.rs --error-format=json --json=diagnostic-rendered-ansi,artifacts,future-incompat --crate-type lib --emit=dep-info,metadata,link -C embed-bitcode=no -C debuginfo=2 --check-cfg 'cfg(docsrs,test)' --check-cfg 'cfg(feature, values())' -C metadata=a852430a061c5350 -C extra-filename=-23ebeb13d54ac447 --out-dir /home/finkernagel/.cache/cargo/target/debug/deps -C incremental=/home/finkernagel/.cache/cargo/target/debug/incremental -L dependency=/home/finkernagel/.cache/cargo/target/debug/deps --extern bstr=/home/finkernagel/.cache/cargo/target/debug/deps/libbstr-4045620ba0449622.rmeta --extern codesnake=/home/finkernagel/.cache/cargo/target/debug/deps/libcodesnake-4b12368228b7ace0.rmeta --extern memchr=/home/finkernagel/.cache/cargo/target/debug/deps/libmemchr-ce879c287aae1239.rmeta --extern num_traits=/home/finkernagel/.cache/cargo/target/debug/deps/libnum_traits-163a578cc7663ca5.rmeta --extern strsim=/home/finkernagel/.cache/cargo/target/debug/deps/libstrsim-35e26dbaedb97986.rmeta --extern toml_pretty_deser_macros=/home/finkernagel/.cache/cargo/target/debug/deps/libtoml_pretty_deser_macros-f792c9db6a0b2842.so --extern toml_edit=/home/finkernagel/.cache/cargo/target/debug/deps/libtoml_edit-6ba341dc50ff9c99.rmeta -C link-arg=-fuse-ld=mold`
warning: field `allowed` is never read
   --> toml-pretty-deser/src/lib.rs:775:5
    |
767 | pub struct TomlHelper<'a> {
    |            ---------- field in this struct
...
775 |     allowed: HashMap<String, String>,
    |     ^^^^^^^
    |
    = note: `#[warn(dead_code)]` (part of `#[warn(unused)]`) on by default

warning: `toml-pretty-deser` (lib) generated 1 warning (1 duplicate)
     Running `rustc --crate-name basic --edition=2024 toml-pretty-deser/tests/basic.rs --error-format=json --json=diagnostic-rendered-ansi,artifacts,future-incompat --emit=dep-info,link -C embed-bitcode=no -C debuginfo=2 --test --check-cfg 'cfg(docsrs,test)' --check-cfg 'cfg(feature, values())' -C metadata=608c682146c4ede0 -C extra-filename=-c7883bdc8893c706 --out-dir /home/finkernagel/.cache/cargo/target/debug/deps -C incremental=/home/finkernagel/.cache/cargo/target/debug/incremental -L dependency=/home/finkernagel/.cache/cargo/target/debug/deps --extern bstr=/home/finkernagel/.cache/cargo/target/debug/deps/libbstr-4045620ba0449622.rlib --extern codesnake=/home/finkernagel/.cache/cargo/target/debug/deps/libcodesnake-4b12368228b7ace0.rlib --extern memchr=/home/finkernagel/.cache/cargo/target/debug/deps/libmemchr-ce879c287aae1239.rlib --extern num_traits=/home/finkernagel/.cache/cargo/target/debug/deps/libnum_traits-163a578cc7663ca5.rlib --extern strsim=/home/finkernagel/.cache/cargo/target/debug/deps/libstrsim-35e26dbaedb97986.rlib --extern toml_pretty_deser=/home/finkernagel/.cache/cargo/target/debug/deps/libtoml_pretty_deser-23ebeb13d54ac447.rlib --extern toml_pretty_deser_macros=/home/finkernagel/.cache/cargo/target/debug/deps/libtoml_pretty_deser_macros-f792c9db6a0b2842.so --extern toml_edit=/home/finkernagel/.cache/cargo/target/debug/deps/libtoml_edit-6ba341dc50ff9c99.rlib -C link-arg=-fuse-ld=mold`
warning: `toml-pretty-deser` (lib test) generated 1 warning
warning: unused variable: `errors`
    --> toml-pretty-deser/tests/basic.rs:1002:41
     |
1002 |     if let Err(DeserError::DeserFailure(errors, output)) = result {
     |                                         ^^^^^^ help: if this is intentional, prefix it with an underscore: `_errors`
     |
     = note: `#[warn(unused_variables)]` (part of `#[warn(unused)]`) on by default

warning: `toml-pretty-deser` (test "basic") generated 1 warning (run `cargo fix --test "basic" -p toml-pretty-deser` to apply 1 suggestion)
    Finished `test` profile [unoptimized + debuginfo] target(s) in 0.37s
  Executable `/home/finkernagel/.cache/cargo/target/debug/deps/toml_pretty_deser-07d9828939c75c69`
  Executable `/home/finkernagel/.cache/cargo/target/debug/deps/basic-c7883bdc8893c706`

*** result: Success

*** /nix/store/826jircl576xphx7a459njgqfmcbd4x5-cargo-1.95.0-nightly-2026-01-21-x86_64-unknown-linux-gnu/bin/cargo test --verbose --package=toml-pretty-deser@0.1.0
       Fresh unicode-ident v1.0.22
       Fresh proc-macro2 v1.0.106
       Fresh autocfg v1.5.0
       Fresh quote v1.0.44
       Fresh hashbrown v0.16.1
       Fresh equivalent v1.0.2
       Fresh winnow v0.7.14
       Fresh toml_parser v1.0.6+spec-1.1.0
       Fresh indexmap v2.13.0
       Fresh syn v2.0.114
       Fresh memchr v2.7.6
       Fresh regex-automata v0.4.13
       Fresh toml_datetime v0.7.5+spec-1.1.0
       Fresh toml_writer v1.0.6+spec-1.1.0
       Fresh toml_edit v0.24.0+spec-1.1.0
       Fresh bstr v1.12.1
       Fresh num-traits v0.2.19
       Fresh toml-pretty-deser-macros v0.1.0 (/tmp/nix-shell.fWA0aw/cargo-mutants-toml-pretty-deser-Ha55Kf.tmp/toml-pretty-deser-macros)
       Fresh codesnake v0.2.1
       Fresh strsim v0.11.1
warning: field `allowed` is never read
   --> toml-pretty-deser/src/lib.rs:775:5
    |
767 | pub struct TomlHelper<'a> {
    |            ---------- field in this struct
...
775 |     allowed: HashMap<String, String>,
    |     ^^^^^^^
    |
    = note: `#[warn(dead_code)]` (part of `#[warn(unused)]`) on by default

warning: `toml-pretty-deser` (lib) generated 1 warning
warning: `toml-pretty-deser` (lib test) generated 1 warning (1 duplicate)
       Fresh toml-pretty-deser v0.1.0 (/tmp/nix-shell.fWA0aw/cargo-mutants-toml-pretty-deser-Ha55Kf.tmp/toml-pretty-deser)
warning: unused variable: `errors`
    --> toml-pretty-deser/tests/basic.rs:1002:41
     |
1002 |     if let Err(DeserError::DeserFailure(errors, output)) = result {
     |                                         ^^^^^^ help: if this is intentional, prefix it with an underscore: `_errors`
     |
     = note: `#[warn(unused_variables)]` (part of `#[warn(unused)]`) on by default

warning: `toml-pretty-deser` (test "basic") generated 1 warning (run `cargo fix --test "basic" -p toml-pretty-deser` to apply 1 suggestion)
    Finished `test` profile [unoptimized + debuginfo] target(s) in 0.01s
     Running `/home/finkernagel/.cache/cargo/target/debug/deps/toml_pretty_deser-07d9828939c75c69`

running 2 tests
test tests::test_field_match_mode ... ok
test tests::test_normalize_no_case ... ok

test result: ok. 2 passed; 0 failed; 0 ignored; 0 measured; 0 filtered out; finished in 0.00s

     Running `/home/finkernagel/.cache/cargo/target/debug/deps/basic-c7883bdc8893c706`

running 37 tests
test test_any_case_mode_shouty ... ok
test test_alias_exact_mode ... ok
test test_any_case_mode_camel ... ok
test test_alias_with_any_case_mode ... ok
test test_alias_exact_mode_failure ... ok
test test_any_case_mode_kebab ... ok
test test_any_case_mode_snake ... ok
test test_any_case_mode_unknown_key ... ok
test test_any_case_mode_upper_camel ... ok
test test_any_case_mode_train ... ok
test test_arrays_and_nested ... ok
test test_arrays_with_optional ... ok
test test_complex_mixed_case ... ok
test test_array_wrong_element_type ... ok
test test_enum_missing_required ... ok
test test_enum_happy_path ... ok
test test_complex_mixed_case_key_reused ... ok
test test_happy_path ... ok
test test_enum_invalid_variant ... ok
test test_enum_optional_missing ... ok
test test_nested_with_alias ... ok
test test_nested_happy_half ... FAILED
test test_nested_with_any_case_mode ... ok
test test_missing ... ok
test test_nested_happy ... ok
test test_two_level_nested_happy ... ok
test test_optional_missing ... ok
test test_two_errors_pretty ... ok
test test_two_level_nested_missing_inner ... FAILED
test test_two_level_nested_inline_table ... ok
test test_range_validation ... ok
test test_upper_lower_mode ... ok
test test_two_level_nested_missing_inner_field ... ok
test test_two_level_nested_with_optional_nested ... ok
test test_vec_missing ... ok
test test_validation_failure ... ok
test test_wrong_type ... ok

failures:

---- test_nested_happy_half stdout ----
[toml-pretty-deser/tests/basic.rs:488:5] &result = Err(
    DeserFailure(
        [
            HydratedAnnotatedError {
                source: RefCell {
                    value: "\n        [nested]\n            name = 'a'\n        ",
                },
                inner: AnnotatedError {
                    spans: [
                        SpannedMessage {
                            span: 9..17,
                            msg: "Missing required key: value",
                        },
                    ],
                    help: Some(
                        "This key is required but was not found in the TOML document.",
                    ),
                },
            },
        ],
        PartialOuter {
            nested: TomlValue {
                value: Some(
                    PartialNested {
                        name: TomlValue {
                            value: Some(
                                "a",
                            ),
                            state: Ok {
                                span: 37..40,
                            },
                            required: true,
                        },
                        value: TomlValue {
                            value: None,
                            state: Missing {
                                key: "value",
                                parent_span: 9..17,
                            },
                            required: true,
                        },
                    },
                ),
                state: ValidationFailed {
                    span: 9..17,
                    message: "Nested struct has errors",
                },
                required: true,
            },
            inline_nested: TomlValue {
                value: None,
                state: Missing {
                    key: "inline_nested",
                    parent_span: 0..0,
                },
                required: true,
            },
            opt_nested: TomlValue {
                value: Some(
                    None,
                ),
                state: Ok {
                    span: 0..0,
                },
                required: false,
            },
            vec_nested: TomlValue {
                value: None,
                state: Missing {
                    key: "vec_nested",
                    parent_span: 0..0,
                },
                required: true,
            },
        },
    ),
)

thread 'test_nested_happy_half' (2340244) panicked at toml-pretty-deser/tests/basic.rs:491:37:
called `Option::unwrap()` on a `None` value
note: run with `RUST_BACKTRACE=1` environment variable to display a backtrace

---- test_two_level_nested_missing_inner stdout ----
[toml-pretty-deser/tests/basic.rs:627:5] &result = Err(
    StillIncomplete(
        [],
        PartialRoot {
            level1: TomlValue {
                value: Some(
                    PartialLevel1 {
                        name: TomlValue {
                            value: Some(
                                "l1",
                            ),
                            state: Ok {
                                span: 37..41,
                            },
                            required: true,
                        },
                        level2: TomlValue {
                            value: None,
                            state: Missing {
                                key: "level2",
                                parent_span: 9..17,
                            },
                            required: true,
                        },
                        opt_level2: TomlValue {
                            value: Some(
                                None,
                            ),
                            state: Ok {
                                span: 0..0,
                            },
                            required: false,
                        },
                    },
                ),
                state: ValidationFailed {
                    span: 9..17,
                    message: "Nested struct has errors",
                },
                required: true,
            },
            opt_level1: TomlValue {
                value: Some(
                    None,
                ),
                state: Ok {
                    span: 0..0,
                },
                required: false,
            },
        },
    ),
)

thread 'test_two_level_nested_missing_inner' (2340252) panicked at toml-pretty-deser/tests/basic.rs:630:41:
called `Option::unwrap()` on a `None` value


failures:
    test_nested_happy_half
    test_two_level_nested_missing_inner

test result: FAILED. 35 passed; 2 failed; 0 ignored; 0 measured; 0 filtered out; finished in 0.00s

error: test failed, to rerun pass `-p toml-pretty-deser --test basic`

*** result: Failure(101)
