
*** toml-pretty-deser/src/lib.rs:818:9: replace TomlHelper<'a>::into_inner -> Vec<HydratedAnnotatedError> with vec![]

*** mutation diff:
--- toml-pretty-deser/src/lib.rs
+++ replace TomlHelper<'a>::into_inner -> Vec<HydratedAnnotatedError> with vec![]
@@ -810,24 +810,17 @@
         }
     }
 
     pub fn with_match_mode(&mut self, mode: FieldMatchMode) {
         self.match_mode = mode;
     }
 
     pub fn into_inner(self, source: &Rc<RefCell<String>>) -> Vec<HydratedAnnotatedError> {
-        self.errors
-            .borrow_mut()
-            .drain(..)
-            .map(|error| HydratedAnnotatedError {
-                source: source.clone(),
-                inner: error,
-            })
-            .collect()
+        vec![] /* ~ changed by cargo-mutants ~ */
     }
 
     /// Register a field with optional aliases
     pub fn expect_field(&mut self, name: impl Into<String>, aliases: &Vec<&'static str>) {
         let field_info = FieldInfo::new(name).with_aliases(aliases);
         self.expected.push(field_info);
     }
 


*** /nix/store/826jircl576xphx7a459njgqfmcbd4x5-cargo-1.95.0-nightly-2026-01-21-x86_64-unknown-linux-gnu/bin/cargo test --no-run --verbose --package=toml-pretty-deser@0.1.0
       Fresh unicode-ident v1.0.22
       Fresh proc-macro2 v1.0.106
       Fresh autocfg v1.5.0
       Fresh quote v1.0.44
       Fresh winnow v0.7.14
       Fresh hashbrown v0.16.1
       Fresh equivalent v1.0.2
       Fresh indexmap v2.13.0
       Fresh toml_parser v1.0.6+spec-1.1.0
       Fresh syn v2.0.114
       Fresh toml_datetime v0.7.5+spec-1.1.0
       Fresh regex-automata v0.4.13
       Fresh toml_writer v1.0.6+spec-1.1.0
       Fresh memchr v2.7.6
       Fresh toml_edit v0.24.0+spec-1.1.0
       Fresh bstr v1.12.1
       Fresh num-traits v0.2.19
       Fresh toml-pretty-deser-macros v0.1.0 (/tmp/nix-shell.fWA0aw/cargo-mutants-toml-pretty-deser-Ha55Kf.tmp/toml-pretty-deser-macros)
       Fresh codesnake v0.2.1
       Fresh strsim v0.11.1
       Dirty toml-pretty-deser v0.1.0 (/tmp/nix-shell.fWA0aw/cargo-mutants-toml-pretty-deser-Ha55Kf.tmp/toml-pretty-deser): couldn't read metadata for file `/home/finkernagel/.cache/cargo/target/debug/deps/libtoml_pretty_deser-23ebeb13d54ac447.rlib`
   Compiling toml-pretty-deser v0.1.0 (/tmp/nix-shell.fWA0aw/cargo-mutants-toml-pretty-deser-Ha55Kf.tmp/toml-pretty-deser)
     Running `rustc --crate-name toml_pretty_deser --edition=2024 toml-pretty-deser/src/lib.rs --error-format=json --json=diagnostic-rendered-ansi,artifacts,future-incompat --emit=dep-info,link -C embed-bitcode=no -C debuginfo=2 --test --check-cfg 'cfg(docsrs,test)' --check-cfg 'cfg(feature, values())' -C metadata=857480bb847c9bbe -C extra-filename=-07d9828939c75c69 --out-dir /home/finkernagel/.cache/cargo/target/debug/deps -C incremental=/home/finkernagel/.cache/cargo/target/debug/incremental -L dependency=/home/finkernagel/.cache/cargo/target/debug/deps --extern bstr=/home/finkernagel/.cache/cargo/target/debug/deps/libbstr-4045620ba0449622.rlib --extern codesnake=/home/finkernagel/.cache/cargo/target/debug/deps/libcodesnake-4b12368228b7ace0.rlib --extern memchr=/home/finkernagel/.cache/cargo/target/debug/deps/libmemchr-ce879c287aae1239.rlib --extern num_traits=/home/finkernagel/.cache/cargo/target/debug/deps/libnum_traits-163a578cc7663ca5.rlib --extern strsim=/home/finkernagel/.cache/cargo/target/debug/deps/libstrsim-35e26dbaedb97986.rlib --extern toml_pretty_deser_macros=/home/finkernagel/.cache/cargo/target/debug/deps/libtoml_pretty_deser_macros-f792c9db6a0b2842.so --extern toml_edit=/home/finkernagel/.cache/cargo/target/debug/deps/libtoml_edit-6ba341dc50ff9c99.rlib -C link-arg=-fuse-ld=mold`
     Running `rustc --crate-name toml_pretty_deser --edition=2024 toml-pretty-deser/src/lib.rs --error-format=json --json=diagnostic-rendered-ansi,artifacts,future-incompat --crate-type lib --emit=dep-info,metadata,link -C embed-bitcode=no -C debuginfo=2 --check-cfg 'cfg(docsrs,test)' --check-cfg 'cfg(feature, values())' -C metadata=a852430a061c5350 -C extra-filename=-23ebeb13d54ac447 --out-dir /home/finkernagel/.cache/cargo/target/debug/deps -C incremental=/home/finkernagel/.cache/cargo/target/debug/incremental -L dependency=/home/finkernagel/.cache/cargo/target/debug/deps --extern bstr=/home/finkernagel/.cache/cargo/target/debug/deps/libbstr-4045620ba0449622.rmeta --extern codesnake=/home/finkernagel/.cache/cargo/target/debug/deps/libcodesnake-4b12368228b7ace0.rmeta --extern memchr=/home/finkernagel/.cache/cargo/target/debug/deps/libmemchr-ce879c287aae1239.rmeta --extern num_traits=/home/finkernagel/.cache/cargo/target/debug/deps/libnum_traits-163a578cc7663ca5.rmeta --extern strsim=/home/finkernagel/.cache/cargo/target/debug/deps/libstrsim-35e26dbaedb97986.rmeta --extern toml_pretty_deser_macros=/home/finkernagel/.cache/cargo/target/debug/deps/libtoml_pretty_deser_macros-f792c9db6a0b2842.so --extern toml_edit=/home/finkernagel/.cache/cargo/target/debug/deps/libtoml_edit-6ba341dc50ff9c99.rmeta -C link-arg=-fuse-ld=mold`
warning: unused variable: `source`
   --> toml-pretty-deser/src/lib.rs:817:29
    |
817 |     pub fn into_inner(self, source: &Rc<RefCell<String>>) -> Vec<HydratedAnnotatedError> {
    |                             ^^^^^^ help: if this is intentional, prefix it with an underscore: `_source`
    |
    = note: `#[warn(unused_variables)]` (part of `#[warn(unused)]`) on by default

warning: field `allowed` is never read
   --> toml-pretty-deser/src/lib.rs:775:5
    |
767 | pub struct TomlHelper<'a> {
    |            ---------- field in this struct
...
775 |     allowed: HashMap<String, String>,
    |     ^^^^^^^
    |
    = note: `#[warn(dead_code)]` (part of `#[warn(unused)]`) on by default

warning: `toml-pretty-deser` (lib test) generated 2 warnings (2 duplicates)
warning: `toml-pretty-deser` (lib) generated 2 warnings (run `cargo fix --lib -p toml-pretty-deser` to apply 1 suggestion)
     Running `rustc --crate-name basic --edition=2024 toml-pretty-deser/tests/basic.rs --error-format=json --json=diagnostic-rendered-ansi,artifacts,future-incompat --emit=dep-info,link -C embed-bitcode=no -C debuginfo=2 --test --check-cfg 'cfg(docsrs,test)' --check-cfg 'cfg(feature, values())' -C metadata=608c682146c4ede0 -C extra-filename=-c7883bdc8893c706 --out-dir /home/finkernagel/.cache/cargo/target/debug/deps -C incremental=/home/finkernagel/.cache/cargo/target/debug/incremental -L dependency=/home/finkernagel/.cache/cargo/target/debug/deps --extern bstr=/home/finkernagel/.cache/cargo/target/debug/deps/libbstr-4045620ba0449622.rlib --extern codesnake=/home/finkernagel/.cache/cargo/target/debug/deps/libcodesnake-4b12368228b7ace0.rlib --extern memchr=/home/finkernagel/.cache/cargo/target/debug/deps/libmemchr-ce879c287aae1239.rlib --extern num_traits=/home/finkernagel/.cache/cargo/target/debug/deps/libnum_traits-163a578cc7663ca5.rlib --extern strsim=/home/finkernagel/.cache/cargo/target/debug/deps/libstrsim-35e26dbaedb97986.rlib --extern toml_pretty_deser=/home/finkernagel/.cache/cargo/target/debug/deps/libtoml_pretty_deser-23ebeb13d54ac447.rlib --extern toml_pretty_deser_macros=/home/finkernagel/.cache/cargo/target/debug/deps/libtoml_pretty_deser_macros-f792c9db6a0b2842.so --extern toml_edit=/home/finkernagel/.cache/cargo/target/debug/deps/libtoml_edit-6ba341dc50ff9c99.rlib -C link-arg=-fuse-ld=mold`
warning: unused variable: `errors`
    --> toml-pretty-deser/tests/basic.rs:1002:41
     |
1002 |     if let Err(DeserError::DeserFailure(errors, output)) = result {
     |                                         ^^^^^^ help: if this is intentional, prefix it with an underscore: `_errors`
     |
     = note: `#[warn(unused_variables)]` (part of `#[warn(unused)]`) on by default

warning: `toml-pretty-deser` (test "basic") generated 1 warning (run `cargo fix --test "basic" -p toml-pretty-deser` to apply 1 suggestion)
    Finished `test` profile [unoptimized + debuginfo] target(s) in 0.50s
  Executable `/home/finkernagel/.cache/cargo/target/debug/deps/toml_pretty_deser-07d9828939c75c69`
  Executable `/home/finkernagel/.cache/cargo/target/debug/deps/basic-c7883bdc8893c706`

*** result: Success

*** /nix/store/826jircl576xphx7a459njgqfmcbd4x5-cargo-1.95.0-nightly-2026-01-21-x86_64-unknown-linux-gnu/bin/cargo test --verbose --package=toml-pretty-deser@0.1.0
       Fresh unicode-ident v1.0.22
       Fresh proc-macro2 v1.0.106
       Fresh autocfg v1.5.0
       Fresh quote v1.0.44
       Fresh equivalent v1.0.2
       Fresh hashbrown v0.16.1
       Fresh winnow v0.7.14
       Fresh toml_parser v1.0.6+spec-1.1.0
       Fresh indexmap v2.13.0
       Fresh syn v2.0.114
       Fresh toml_writer v1.0.6+spec-1.1.0
       Fresh memchr v2.7.6
       Fresh regex-automata v0.4.13
       Fresh toml_datetime v0.7.5+spec-1.1.0
       Fresh bstr v1.12.1
       Fresh num-traits v0.2.19
       Fresh toml-pretty-deser-macros v0.1.0 (/tmp/nix-shell.fWA0aw/cargo-mutants-toml-pretty-deser-Ha55Kf.tmp/toml-pretty-deser-macros)
       Fresh codesnake v0.2.1
       Fresh strsim v0.11.1
       Fresh toml_edit v0.24.0+spec-1.1.0
warning: unused variable: `source`
   --> toml-pretty-deser/src/lib.rs:817:29
    |
817 |     pub fn into_inner(self, source: &Rc<RefCell<String>>) -> Vec<HydratedAnnotatedError> {
    |                             ^^^^^^ help: if this is intentional, prefix it with an underscore: `_source`
    |
    = note: `#[warn(unused_variables)]` (part of `#[warn(unused)]`) on by default

warning: field `allowed` is never read
   --> toml-pretty-deser/src/lib.rs:775:5
    |
767 | pub struct TomlHelper<'a> {
    |            ---------- field in this struct
...
775 |     allowed: HashMap<String, String>,
    |     ^^^^^^^
    |
    = note: `#[warn(dead_code)]` (part of `#[warn(unused)]`) on by default

warning: `toml-pretty-deser` (lib) generated 2 warnings (run `cargo fix --lib -p toml-pretty-deser` to apply 1 suggestion)
warning: `toml-pretty-deser` (lib test) generated 2 warnings (2 duplicates)
warning: unused variable: `errors`
    --> toml-pretty-deser/tests/basic.rs:1002:41
     |
1002 |     if let Err(DeserError::DeserFailure(errors, output)) = result {
     |                                         ^^^^^^ help: if this is intentional, prefix it with an underscore: `_errors`
     |
     = note: `#[warn(unused_variables)]` (part of `#[warn(unused)]`) on by default

       Fresh toml-pretty-deser v0.1.0 (/tmp/nix-shell.fWA0aw/cargo-mutants-toml-pretty-deser-Ha55Kf.tmp/toml-pretty-deser)
warning: `toml-pretty-deser` (test "basic") generated 1 warning (run `cargo fix --test "basic" -p toml-pretty-deser` to apply 1 suggestion)
    Finished `test` profile [unoptimized + debuginfo] target(s) in 0.01s
     Running `/home/finkernagel/.cache/cargo/target/debug/deps/toml_pretty_deser-07d9828939c75c69`

running 2 tests
test tests::test_field_match_mode ... ok
test tests::test_normalize_no_case ... ok

test result: ok. 2 passed; 0 failed; 0 ignored; 0 measured; 0 filtered out; finished in 0.00s

     Running `/home/finkernagel/.cache/cargo/target/debug/deps/basic-c7883bdc8893c706`

running 37 tests
test test_alias_exact_mode ... ok
test test_alias_with_any_case_mode ... ok
test test_any_case_mode_camel ... ok
test test_any_case_mode_shouty ... ok
test test_any_case_mode_upper_camel ... ok
test test_alias_exact_mode_failure ... FAILED
test test_any_case_mode_kebab ... ok
test test_any_case_mode_unknown_key ... FAILED
test test_any_case_mode_train ... ok
test test_array_wrong_element_type ... FAILED
test test_arrays_and_nested ... ok
test test_any_case_mode_snake ... ok
test test_arrays_with_optional ... ok
test test_complex_mixed_case ... ok
test test_enum_missing_required ... FAILED
test test_complex_mixed_case_key_reused ... ok
test test_enum_invalid_variant ... FAILED
test test_enum_optional_missing ... ok
test test_enum_happy_path ... ok
test test_happy_path ... ok
test test_nested_with_alias ... ok
test test_nested_happy ... ok
test test_nested_happy_half ... FAILED
test test_nested_with_any_case_mode ... ok
test test_missing ... FAILED
test test_optional_missing ... ok
test test_two_errors_pretty ... FAILED
test test_two_level_nested_missing_inner ... ok
test test_two_level_nested_missing_inner_field ... FAILED
test test_range_validation ... FAILED
test test_two_level_nested_happy ... ok
test test_two_level_nested_with_optional_nested ... ok
test test_two_level_nested_inline_table ... ok
test test_upper_lower_mode ... ok
test test_vec_missing ... FAILED
test test_validation_failure ... FAILED
test test_wrong_type ... FAILED

failures:

---- test_alias_exact_mode_failure stdout ----

thread 'test_alias_exact_mode_failure' (2340854) panicked at toml-pretty-deser/tests/basic.rs:738:9:
assertion failed: errors.len() >= 1
note: run with `RUST_BACKTRACE=1` environment variable to display a backtrace

---- test_any_case_mode_unknown_key stdout ----

thread 'test_any_case_mode_unknown_key' (2340861) panicked at toml-pretty-deser/tests/basic.rs:889:9:
assertion failed: errors.iter().any(|e| e.inner.spans[0].msg.contains("unknown_field"))

---- test_array_wrong_element_type stdout ----
[toml-pretty-deser/tests/basic.rs:301:5] &result = Err(
    DeserFailure(
        [],
        PartialComplexOutput {
            items: TomlValue {
                value: None,
                state: ValidationFailed {
                    span: 21..30,
                    message: "Array contains invalid elements",
                },
                required: true,
            },
            numbers: TomlValue {
                value: Some(
                    [
                        1,
                        2,
                        3,
                    ],
                ),
                state: Ok {
                    span: 87..96,
                },
                required: true,
            },
            opt_items: TomlValue {
                value: Some(
                    None,
                ),
                state: Ok {
                    span: 0..0,
                },
                required: false,
            },
        },
    ),
)

thread 'test_array_wrong_element_type' (2340863) panicked at toml-pretty-deser/tests/basic.rs:303:9:
assertion failed: errors.len() >= 1

---- test_enum_missing_required stdout ----
[toml-pretty-deser/tests/basic.rs:404:5] &result = Err(
    DeserFailure(
        [],
        PartialEnumOutput {
            an_enum: TomlValue {
                value: None,
                state: Missing {
                    key: "an_enum",
                    parent_span: 0..0,
                },
                required: true,
            },
            opt_enum: TomlValue {
                value: Some(
                    None,
                ),
                state: Ok {
                    span: 0..0,
                },
                required: false,
            },
            vec_enum: TomlValue {
                value: Some(
                    [
                        One,
                    ],
                ),
                state: Ok {
                    span: 57..64,
                },
                required: true,
            },
            opt_vec_enum: TomlValue {
                value: Some(
                    None,
                ),
                state: Ok {
                    span: 0..0,
                },
                required: false,
            },
        },
    ),
)

thread 'test_enum_missing_required' (2340870) panicked at toml-pretty-deser/tests/basic.rs:406:9:
assertion failed: errors.iter().any(|e| e.inner.spans[0].msg.contains("an_enum"))

---- test_enum_invalid_variant stdout ----
[toml-pretty-deser/tests/basic.rs:386:5] &result = Err(
    DeserFailure(
        [],
        PartialEnumOutput {
            an_enum: TomlValue {
                value: None,
                state: ValidationFailed {
                    span: 23..39,
                    message: "Invalid enum variant 'InvalidVariant'. Valid variants are: One, TwoThree, Four",
                },
                required: true,
            },
            opt_enum: TomlValue {
                value: Some(
                    None,
                ),
                state: Ok {
                    span: 0..0,
                },
                required: false,
            },
            vec_enum: TomlValue {
                value: Some(
                    [
                        One,
                    ],
                ),
                state: Ok {
                    span: 63..70,
                },
                required: true,
            },
            opt_vec_enum: TomlValue {
                value: Some(
                    None,
                ),
                state: Ok {
                    span: 0..0,
                },
                required: false,
            },
        },
    ),
)

thread 'test_enum_invalid_variant' (2340869) panicked at toml-pretty-deser/tests/basic.rs:388:9:
assertion failed: errors.iter().any(|e| e.inner.spans[0].msg.contains("Invalid enum variant"))

---- test_nested_happy_half stdout ----
[toml-pretty-deser/tests/basic.rs:488:5] &result = Err(
    DeserFailure(
        [],
        PartialOuter {
            nested: TomlValue {
                value: Some(
                    PartialNested {
                        name: TomlValue {
                            value: Some(
                                "a",
                            ),
                            state: Ok {
                                span: 37..40,
                            },
                            required: true,
                        },
                        value: TomlValue {
                            value: None,
                            state: Missing {
                                key: "value",
                                parent_span: 9..17,
                            },
                            required: true,
                        },
                    },
                ),
                state: Ok {
                    span: 9..17,
                },
                required: true,
            },
            inline_nested: TomlValue {
                value: None,
                state: Missing {
                    key: "inline_nested",
                    parent_span: 0..0,
                },
                required: true,
            },
            opt_nested: TomlValue {
                value: Some(
                    None,
                ),
                state: Ok {
                    span: 0..0,
                },
                required: false,
            },
            vec_nested: TomlValue {
                value: None,
                state: Missing {
                    key: "vec_nested",
                    parent_span: 0..0,
                },
                required: true,
            },
        },
    ),
)

thread 'test_nested_happy_half' (2340875) panicked at toml-pretty-deser/tests/basic.rs:495:9:
assertion `left == right` failed
  left: 0
 right: 1

---- test_missing stdout ----
[toml-pretty-deser/tests/basic.rs:97:5] &result = Err(
    DeserFailure(
        [],
        PartialOutput {
            a_u8: TomlValue {
                value: None,
                state: Missing {
                    key: "a_u8",
                    parent_span: 0..0,
                },
                required: true,
            },
            a_i64: TomlValue {
                value: Some(
                    -123,
                ),
                state: Ok {
                    span: 46..50,
                },
                required: true,
            },
            a_f64: TomlValue {
                value: Some(
                    3.14,
                ),
                state: Ok {
                    span: 71..75,
                },
                required: true,
            },
            a_string: TomlValue {
                value: Some(
                    "Hello, World!",
                ),
                state: Ok {
                    span: 99..114,
                },
                required: true,
            },
            a_bool: TomlValue {
                value: Some(
                    true,
                ),
                state: Ok {
                    span: 136..140,
                },
                required: true,
            },
            opt_a_u8: TomlValue {
                value: Some(
                    Some(
                        128,
                    ),
                ),
                state: Ok {
                    span: 165..168,
                },
                required: false,
            },
            opt_a_i64: TomlValue {
                value: Some(
                    Some(
                        -456,
                    ),
                ),
                state: Ok {
                    span: 193..197,
                },
                required: false,
            },
            opt_a_f64: TomlValue {
                value: Some(
                    Some(
                        2.71,
                    ),
                ),
                state: Ok {
                    span: 222..226,
                },
                required: false,
            },
            opt_a_string: TomlValue {
                value: Some(
                    Some(
                        "Optional String",
                    ),
                ),
                state: Ok {
                    span: 254..271,
                },
                required: false,
            },
            opt_a_bool: TomlValue {
                value: Some(
                    Some(
                        false,
                    ),
                ),
                state: Ok {
                    span: 297..302,
                },
                required: false,
            },
            verified_i16: TomlValue {
                value: Some(
                    10,
                ),
                state: Ok {
                    span: 331..333,
                },
                required: true,
            },
            defaulted_i16: TomlValue {
                value: Some(
                    100,
                ),
                state: Ok {
                    span: 362..365,
                },
                required: true,
            },
        },
    ),
)

thread 'test_missing' (2340873) panicked at toml-pretty-deser/tests/basic.rs:101:9:
assertion `left == right` failed
  left: 0
 right: 1

---- test_two_errors_pretty stdout ----
[toml-pretty-deser/tests/basic.rs:669:5] &result = Err(
    DeserFailure(
        [],
        PartialRoot {
            level1: TomlValue {
                value: Some(
                    PartialLevel1 {
                        name: TomlValue {
                            value: Some(
                                "l1",
                            ),
                            state: Ok {
                                span: 37..41,
                            },
                            required: true,
                        },
                        level2: TomlValue {
                            value: Some(
                                PartialLevel2 {
                                    data: TomlValue {
                                        value: None,
                                        state: Missing {
                                            key: "data",
                                            parent_span: 51..66,
                                        },
                                        required: true,
                                    },
                                },
                            ),
                            state: ValidationFailed {
                                span: 51..66,
                                message: "Nested struct has errors",
                            },
                            required: true,
                        },
                        opt_level2: TomlValue {
                            value: Some(
                                None,
                            ),
                            state: Ok {
                                span: 0..0,
                            },
                            required: false,
                        },
                    },
                ),
                state: ValidationFailed {
                    span: 9..17,
                    message: "Nested struct has errors",
                },
                required: true,
            },
            opt_level1: TomlValue {
                value: Some(
                    None,
                ),
                state: Ok {
                    span: 0..0,
                },
                required: false,
            },
        },
    ),
)

thread 'test_two_errors_pretty' (2340880) panicked at toml-pretty-deser/tests/basic.rs:671:9:
assertion `left == right` failed
  left: 0
 right: 2

---- test_two_level_nested_missing_inner_field stdout ----
[toml-pretty-deser/tests/basic.rs:647:5] &result = Err(
    DeserFailure(
        [],
        PartialRoot {
            level1: TomlValue {
                value: Some(
                    PartialLevel1 {
                        name: TomlValue {
                            value: Some(
                                "l1",
                            ),
                            state: Ok {
                                span: 37..41,
                            },
                            required: true,
                        },
                        level2: TomlValue {
                            value: Some(
                                PartialLevel2 {
                                    data: TomlValue {
                                        value: None,
                                        state: Missing {
                                            key: "data",
                                            parent_span: 51..66,
                                        },
                                        required: true,
                                    },
                                },
                            ),
                            state: Ok {
                                span: 51..66,
                            },
                            required: true,
                        },
                        opt_level2: TomlValue {
                            value: Some(
                                None,
                            ),
                            state: Ok {
                                span: 0..0,
                            },
                            required: false,
                        },
                    },
                ),
                state: Ok {
                    span: 9..17,
                },
                required: true,
            },
            opt_level1: TomlValue {
                value: Some(
                    None,
                ),
                state: Ok {
                    span: 0..0,
                },
                required: false,
            },
        },
    ),
)

thread 'test_two_level_nested_missing_inner_field' (2340884) panicked at toml-pretty-deser/tests/basic.rs:649:9:
assertion failed: errors.iter().any(|e|
        e.inner.spans[0].msg.contains("Missing required key: data"))

---- test_range_validation stdout ----
[toml-pretty-deser/tests/basic.rs:219:5] &result = Err(
    DeserFailure(
        [],
        PartialOutput {
            a_u8: TomlValue {
                value: None,
                state: ValidationFailed {
                    span: 20..23,
                    message: "integer out of range. Accepted: 0..255",
                },
                required: true,
            },
            a_i64: TomlValue {
                value: Some(
                    -123,
                ),
                state: Ok {
                    span: 44..48,
                },
                required: true,
            },
            a_f64: TomlValue {
                value: Some(
                    3.14,
                ),
                state: Ok {
                    span: 69..73,
                },
                required: true,
            },
            a_string: TomlValue {
                value: Some(
                    "Hello, World!",
                ),
                state: Ok {
                    span: 97..112,
                },
                required: true,
            },
            a_bool: TomlValue {
                value: Some(
                    true,
                ),
                state: Ok {
                    span: 134..138,
                },
                required: true,
            },
            opt_a_u8: TomlValue {
                value: Some(
                    Some(
                        128,
                    ),
                ),
                state: Ok {
                    span: 163..166,
                },
                required: false,
            },
            opt_a_i64: TomlValue {
                value: Some(
                    Some(
                        -456,
                    ),
                ),
                state: Ok {
                    span: 191..195,
                },
                required: false,
            },
            opt_a_f64: TomlValue {
                value: Some(
                    Some(
                        2.71,
                    ),
                ),
                state: Ok {
                    span: 220..224,
                },
                required: false,
            },
            opt_a_string: TomlValue {
                value: Some(
                    Some(
                        "Optional String",
                    ),
                ),
                state: Ok {
                    span: 252..269,
                },
                required: false,
            },
            opt_a_bool: TomlValue {
                value: Some(
                    Some(
                        false,
                    ),
                ),
                state: Ok {
                    span: 295..300,
                },
                required: false,
            },
            verified_i16: TomlValue {
                value: Some(
                    10,
                ),
                state: Ok {
                    span: 329..331,
                },
                required: true,
            },
            defaulted_i16: TomlValue {
                value: Some(
                    100,
                ),
                state: Ok {
                    span: 360..363,
                },
                required: true,
            },
        },
    ),
)

thread 'test_range_validation' (2340879) panicked at toml-pretty-deser/tests/basic.rs:221:9:
assertion `left == right` failed
  left: 0
 right: 1

---- test_vec_missing stdout ----
[toml-pretty-deser/tests/basic.rs:283:5] &result = Err(
    DeserFailure(
        [],
        PartialComplexOutput {
            items: TomlValue {
                value: Some(
                    [
                        "a",
                    ],
                ),
                state: Ok {
                    span: 21..26,
                },
                required: true,
            },
            numbers: TomlValue {
                value: None,
                state: Missing {
                    key: "numbers",
                    parent_span: 0..0,
                },
                required: true,
            },
            opt_items: TomlValue {
                value: Some(
                    None,
                ),
                state: Ok {
                    span: 0..0,
                },
                required: false,
            },
        },
    ),
)

thread 'test_vec_missing' (2340888) panicked at toml-pretty-deser/tests/basic.rs:285:9:
assertion failed: errors.iter().any(|e| e.inner.spans[0].msg.contains("numbers"))

---- test_validation_failure stdout ----
[toml-pretty-deser/tests/basic.rs:161:5] &result = Err(
    DeserFailure(
        [],
        PartialOutput {
            a_u8: TomlValue {
                value: Some(
                    255,
                ),
                state: Ok {
                    span: 20..23,
                },
                required: true,
            },
            a_i64: TomlValue {
                value: Some(
                    -123,
                ),
                state: Ok {
                    span: 44..48,
                },
                required: true,
            },
            a_f64: TomlValue {
                value: Some(
                    3.14,
                ),
                state: Ok {
                    span: 69..73,
                },
                required: true,
            },
            a_string: TomlValue {
                value: Some(
                    "Hello, World!",
                ),
                state: Ok {
                    span: 97..112,
                },
                required: true,
            },
            a_bool: TomlValue {
                value: Some(
                    true,
                ),
                state: Ok {
                    span: 134..138,
                },
                required: true,
            },
            opt_a_u8: TomlValue {
                value: Some(
                    Some(
                        128,
                    ),
                ),
                state: Ok {
                    span: 163..166,
                },
                required: false,
            },
            opt_a_i64: TomlValue {
                value: Some(
                    Some(
                        -456,
                    ),
                ),
                state: Ok {
                    span: 191..195,
                },
                required: false,
            },
            opt_a_f64: TomlValue {
                value: Some(
                    Some(
                        2.71,
                    ),
                ),
                state: Ok {
                    span: 220..224,
                },
                required: false,
            },
            opt_a_string: TomlValue {
                value: Some(
                    Some(
                        "Optional String",
                    ),
                ),
                state: Ok {
                    span: 252..269,
                },
                required: false,
            },
            opt_a_bool: TomlValue {
                value: Some(
                    Some(
                        false,
                    ),
                ),
                state: Ok {
                    span: 295..300,
                },
                required: false,
            },
            verified_i16: TomlValue {
                value: None,
                state: ValidationFailed {
                    span: 329..330,
                    message: "Too small",
                },
                required: true,
            },
            defaulted_i16: TomlValue {
                value: Some(
                    100,
                ),
                state: Ok {
                    span: 359..362,
                },
                required: true,
            },
        },
    ),
)

thread 'test_validation_failure' (2340887) panicked at toml-pretty-deser/tests/basic.rs:163:9:
assertion `left == right` failed
  left: 0
 right: 1

---- test_wrong_type stdout ----
[toml-pretty-deser/tests/basic.rs:190:5] &result = Err(
    DeserFailure(
        [],
        PartialOutput {
            a_u8: TomlValue {
                value: None,
                state: WrongType {
                    span: 20..34,
                    expected: "u8",
                    found: "string",
                },
                required: true,
            },
            a_i64: TomlValue {
                value: Some(
                    -123,
                ),
                state: Ok {
                    span: 55..59,
                },
                required: true,
            },
            a_f64: TomlValue {
                value: Some(
                    3.14,
                ),
                state: Ok {
                    span: 80..84,
                },
                required: true,
            },
            a_string: TomlValue {
                value: Some(
                    "Hello, World!",
                ),
                state: Ok {
                    span: 108..123,
                },
                required: true,
            },
            a_bool: TomlValue {
                value: Some(
                    true,
                ),
                state: Ok {
                    span: 145..149,
                },
                required: true,
            },
            opt_a_u8: TomlValue {
                value: Some(
                    Some(
                        128,
                    ),
                ),
                state: Ok {
                    span: 174..177,
                },
                required: false,
            },
            opt_a_i64: TomlValue {
                value: Some(
                    Some(
                        -456,
                    ),
                ),
                state: Ok {
                    span: 202..206,
                },
                required: false,
            },
            opt_a_f64: TomlValue {
                value: Some(
                    Some(
                        2.71,
                    ),
                ),
                state: Ok {
                    span: 231..235,
                },
                required: false,
            },
            opt_a_string: TomlValue {
                value: Some(
                    Some(
                        "Optional String",
                    ),
                ),
                state: Ok {
                    span: 263..280,
                },
                required: false,
            },
            opt_a_bool: TomlValue {
                value: Some(
                    Some(
                        false,
                    ),
                ),
                state: Ok {
                    span: 306..311,
                },
                required: false,
            },
            verified_i16: TomlValue {
                value: Some(
                    10,
                ),
                state: Ok {
                    span: 340..342,
                },
                required: true,
            },
            defaulted_i16: TomlValue {
                value: Some(
                    100,
                ),
                state: Ok {
                    span: 371..374,
                },
                required: true,
            },
        },
    ),
)

thread 'test_wrong_type' (2340889) panicked at toml-pretty-deser/tests/basic.rs:192:9:
assertion `left == right` failed
  left: 0
 right: 1


failures:
    test_alias_exact_mode_failure
    test_any_case_mode_unknown_key
    test_array_wrong_element_type
    test_enum_invalid_variant
    test_enum_missing_required
    test_missing
    test_nested_happy_half
    test_range_validation
    test_two_errors_pretty
    test_two_level_nested_missing_inner_field
    test_validation_failure
    test_vec_missing
    test_wrong_type

test result: FAILED. 24 passed; 13 failed; 0 ignored; 0 measured; 0 filtered out; finished in 0.00s

error: test failed, to rerun pass `-p toml-pretty-deser --test basic`

*** result: Failure(101)
