
*** toml-pretty-deser/src/lib.rs:1627:9: replace TomlValue<T>::register_error with ()

*** mutation diff:
--- toml-pretty-deser/src/lib.rs
+++ replace TomlValue<T>::register_error with ()
@@ -1619,58 +1619,17 @@
     pub fn unwrap(self) -> T {
         match self.state {
             TomlValueState::Ok { .. } => self.value.unwrap(),
             _ => panic!("Called unwrap on a TomlValue that is not Ok"),
         }
     }
 
     pub fn register_error(&self, errors: &Rc<RefCell<Vec<AnnotatedError>>>) {
-        match &self.state {
-            TomlValueState::NotSet => {}
-            TomlValueState::Missing { key, parent_span } => {
-                if self.required {
-                    errors.borrow_mut().push(AnnotatedError::placed(
-                        parent_span.clone(),
-                        &format!("Missing required key: {}", key),
-                        "This key is required but was not found in the TOML document.",
-                    ));
-                }
-            }
-            TomlValueState::MultiDefined { key, spans } => {
-                let mut err = AnnotatedError::placed(
-                    spans[0].clone(),
-                    "Key/alias conflict (defined multiple times)",
-                    &format!("Use only one of the keys involved. Canonical is '{}'", key),
-                );
-                for span in spans.iter().skip(1) {
-                    err.add_span(span.clone(), "Also defined here");
-                }
-                errors.borrow_mut().push(err);
-            }
-            TomlValueState::WrongType {
-                span,
-                expected,
-                found,
-            } => {
-                errors.borrow_mut().push(AnnotatedError::placed(
-                    span.clone(),
-                    &format!("Wrong type: expected {}, found {}", expected, found),
-                    "The value has the wrong type.",
-                ));
-            }
-            TomlValueState::ValidationFailed { span, message } => {
-                errors.borrow_mut().push(AnnotatedError::placed(
-                    span.clone(),
-                    &format!("Validation failed: {}", message),
-                    "The value failed validation checks.",
-                ));
-            }
-            TomlValueState::Ok { .. } => {}
-        }
+        () /* ~ changed by cargo-mutants ~ */
     }
 
     pub fn verify<F>(self, verification_func: F) -> TomlValue<T>
     where
         F: FnOnce(&T) -> Result<(), String>,
     {
         match &self.state {
             TomlValueState::Ok { span } => match verification_func(self.value.as_ref().unwrap()) {


*** /nix/store/826jircl576xphx7a459njgqfmcbd4x5-cargo-1.95.0-nightly-2026-01-21-x86_64-unknown-linux-gnu/bin/cargo test --no-run --verbose --package=toml-pretty-deser@0.1.0
       Fresh unicode-ident v1.0.22
       Fresh proc-macro2 v1.0.106
       Fresh autocfg v1.5.0
       Fresh equivalent v1.0.2
       Fresh winnow v0.7.14
       Fresh hashbrown v0.16.1
       Fresh memchr v2.7.6
       Fresh toml_writer v1.0.6+spec-1.1.0
       Fresh toml_datetime v0.7.5+spec-1.1.0
       Fresh regex-automata v0.4.13
       Fresh strsim v0.11.1
       Fresh codesnake v0.2.1
       Fresh quote v1.0.44
       Fresh indexmap v2.13.0
       Fresh toml_parser v1.0.6+spec-1.1.0
       Fresh bstr v1.12.1
       Fresh syn v2.0.114
       Fresh toml_edit v0.24.0+spec-1.1.0
       Fresh num-traits v0.2.19
       Fresh toml-pretty-deser-macros v0.1.0 (/tmp/nix-shell.fWA0aw/cargo-mutants-toml-pretty-deser-zBlI0F.tmp/toml-pretty-deser-macros)
       Dirty toml-pretty-deser v0.1.0 (/tmp/nix-shell.fWA0aw/cargo-mutants-toml-pretty-deser-zBlI0F.tmp/toml-pretty-deser): the file `toml-pretty-deser/src/lib.rs` has changed (1770036691.583938432s, 1s after last build at 1770036690.998963552s)
   Compiling toml-pretty-deser v0.1.0 (/tmp/nix-shell.fWA0aw/cargo-mutants-toml-pretty-deser-zBlI0F.tmp/toml-pretty-deser)
     Running `rustc --crate-name toml_pretty_deser --edition=2024 toml-pretty-deser/src/lib.rs --error-format=json --json=diagnostic-rendered-ansi,artifacts,future-incompat --emit=dep-info,link -C embed-bitcode=no -C debuginfo=2 --test --check-cfg 'cfg(docsrs,test)' --check-cfg 'cfg(feature, values())' -C metadata=857480bb847c9bbe -C extra-filename=-07d9828939c75c69 --out-dir /home/finkernagel/.cache/cargo/target/debug/deps -C incremental=/home/finkernagel/.cache/cargo/target/debug/incremental -L dependency=/home/finkernagel/.cache/cargo/target/debug/deps --extern bstr=/home/finkernagel/.cache/cargo/target/debug/deps/libbstr-4045620ba0449622.rlib --extern codesnake=/home/finkernagel/.cache/cargo/target/debug/deps/libcodesnake-4b12368228b7ace0.rlib --extern memchr=/home/finkernagel/.cache/cargo/target/debug/deps/libmemchr-ce879c287aae1239.rlib --extern num_traits=/home/finkernagel/.cache/cargo/target/debug/deps/libnum_traits-163a578cc7663ca5.rlib --extern strsim=/home/finkernagel/.cache/cargo/target/debug/deps/libstrsim-35e26dbaedb97986.rlib --extern toml_pretty_deser_macros=/home/finkernagel/.cache/cargo/target/debug/deps/libtoml_pretty_deser_macros-f792c9db6a0b2842.so --extern toml_edit=/home/finkernagel/.cache/cargo/target/debug/deps/libtoml_edit-6ba341dc50ff9c99.rlib -C link-arg=-fuse-ld=mold`
     Running `rustc --crate-name toml_pretty_deser --edition=2024 toml-pretty-deser/src/lib.rs --error-format=json --json=diagnostic-rendered-ansi,artifacts,future-incompat --crate-type lib --emit=dep-info,metadata,link -C embed-bitcode=no -C debuginfo=2 --check-cfg 'cfg(docsrs,test)' --check-cfg 'cfg(feature, values())' -C metadata=a852430a061c5350 -C extra-filename=-23ebeb13d54ac447 --out-dir /home/finkernagel/.cache/cargo/target/debug/deps -C incremental=/home/finkernagel/.cache/cargo/target/debug/incremental -L dependency=/home/finkernagel/.cache/cargo/target/debug/deps --extern bstr=/home/finkernagel/.cache/cargo/target/debug/deps/libbstr-4045620ba0449622.rmeta --extern codesnake=/home/finkernagel/.cache/cargo/target/debug/deps/libcodesnake-4b12368228b7ace0.rmeta --extern memchr=/home/finkernagel/.cache/cargo/target/debug/deps/libmemchr-ce879c287aae1239.rmeta --extern num_traits=/home/finkernagel/.cache/cargo/target/debug/deps/libnum_traits-163a578cc7663ca5.rmeta --extern strsim=/home/finkernagel/.cache/cargo/target/debug/deps/libstrsim-35e26dbaedb97986.rmeta --extern toml_pretty_deser_macros=/home/finkernagel/.cache/cargo/target/debug/deps/libtoml_pretty_deser_macros-f792c9db6a0b2842.so --extern toml_edit=/home/finkernagel/.cache/cargo/target/debug/deps/libtoml_edit-6ba341dc50ff9c99.rmeta -C link-arg=-fuse-ld=mold`
warning: unused variable: `errors`
    --> toml-pretty-deser/src/lib.rs:1626:34
     |
1626 |     pub fn register_error(&self, errors: &Rc<RefCell<Vec<AnnotatedError>>>) {
     |                                  ^^^^^^ help: if this is intentional, prefix it with an underscore: `_errors`
     |
     = note: `#[warn(unused_variables)]` (part of `#[warn(unused)]`) on by default

warning: field `allowed` is never read
   --> toml-pretty-deser/src/lib.rs:775:5
    |
767 | pub struct TomlHelper<'a> {
    |            ---------- field in this struct
...
775 |     allowed: HashMap<String, String>,
    |     ^^^^^^^
    |
    = note: `#[warn(dead_code)]` (part of `#[warn(unused)]`) on by default

warning: `toml-pretty-deser` (lib test) generated 2 warnings (1 duplicate) (run `cargo fix --lib -p toml-pretty-deser --tests` to apply 1 suggestion)
warning: `toml-pretty-deser` (lib) generated 2 warnings (1 duplicate)
     Running `rustc --crate-name basic --edition=2024 toml-pretty-deser/tests/basic.rs --error-format=json --json=diagnostic-rendered-ansi,artifacts,future-incompat --emit=dep-info,link -C embed-bitcode=no -C debuginfo=2 --test --check-cfg 'cfg(docsrs,test)' --check-cfg 'cfg(feature, values())' -C metadata=608c682146c4ede0 -C extra-filename=-c7883bdc8893c706 --out-dir /home/finkernagel/.cache/cargo/target/debug/deps -C incremental=/home/finkernagel/.cache/cargo/target/debug/incremental -L dependency=/home/finkernagel/.cache/cargo/target/debug/deps --extern bstr=/home/finkernagel/.cache/cargo/target/debug/deps/libbstr-4045620ba0449622.rlib --extern codesnake=/home/finkernagel/.cache/cargo/target/debug/deps/libcodesnake-4b12368228b7ace0.rlib --extern memchr=/home/finkernagel/.cache/cargo/target/debug/deps/libmemchr-ce879c287aae1239.rlib --extern num_traits=/home/finkernagel/.cache/cargo/target/debug/deps/libnum_traits-163a578cc7663ca5.rlib --extern strsim=/home/finkernagel/.cache/cargo/target/debug/deps/libstrsim-35e26dbaedb97986.rlib --extern toml_pretty_deser=/home/finkernagel/.cache/cargo/target/debug/deps/libtoml_pretty_deser-23ebeb13d54ac447.rlib --extern toml_pretty_deser_macros=/home/finkernagel/.cache/cargo/target/debug/deps/libtoml_pretty_deser_macros-f792c9db6a0b2842.so --extern toml_edit=/home/finkernagel/.cache/cargo/target/debug/deps/libtoml_edit-6ba341dc50ff9c99.rlib -C link-arg=-fuse-ld=mold`
warning: unused variable: `errors`
   --> toml-pretty-deser/tests/basic.rs:535:41
    |
535 |     if let Err(DeserError::DeserFailure(errors, output)) = result {
    |                                         ^^^^^^ help: if this is intentional, prefix it with an underscore: `_errors`
    |
    = note: `#[warn(unused_variables)]` (part of `#[warn(unused)]`) on by default

warning: unused variable: `errors`
    --> toml-pretty-deser/tests/basic.rs:1076:41
     |
1076 |     if let Err(DeserError::DeserFailure(errors, output)) = result {
     |                                         ^^^^^^ help: if this is intentional, prefix it with an underscore: `_errors`

warning: `toml-pretty-deser` (test "basic") generated 2 warnings (run `cargo fix --test "basic" -p toml-pretty-deser` to apply 2 suggestions)
    Finished `test` profile [unoptimized + debuginfo] target(s) in 0.47s
  Executable `/home/finkernagel/.cache/cargo/target/debug/deps/toml_pretty_deser-07d9828939c75c69`
  Executable `/home/finkernagel/.cache/cargo/target/debug/deps/basic-c7883bdc8893c706`

*** result: Success

*** /nix/store/826jircl576xphx7a459njgqfmcbd4x5-cargo-1.95.0-nightly-2026-01-21-x86_64-unknown-linux-gnu/bin/cargo test --verbose --package=toml-pretty-deser@0.1.0
       Fresh unicode-ident v1.0.22
       Fresh proc-macro2 v1.0.106
       Fresh autocfg v1.5.0
       Fresh hashbrown v0.16.1
       Fresh quote v1.0.44
       Fresh winnow v0.7.14
       Fresh equivalent v1.0.2
       Fresh toml_writer v1.0.6+spec-1.1.0
       Fresh regex-automata v0.4.13
       Fresh toml_datetime v0.7.5+spec-1.1.0
       Fresh memchr v2.7.6
       Fresh codesnake v0.2.1
       Fresh strsim v0.11.1
       Fresh syn v2.0.114
       Fresh indexmap v2.13.0
       Fresh toml_parser v1.0.6+spec-1.1.0
       Fresh bstr v1.12.1
       Fresh toml-pretty-deser-macros v0.1.0 (/tmp/nix-shell.fWA0aw/cargo-mutants-toml-pretty-deser-zBlI0F.tmp/toml-pretty-deser-macros)
       Fresh toml_edit v0.24.0+spec-1.1.0
       Fresh num-traits v0.2.19
warning: unused variable: `errors`
    --> toml-pretty-deser/src/lib.rs:1626:34
     |
1626 |     pub fn register_error(&self, errors: &Rc<RefCell<Vec<AnnotatedError>>>) {
     |                                  ^^^^^^ help: if this is intentional, prefix it with an underscore: `_errors`
     |
     = note: `#[warn(unused_variables)]` (part of `#[warn(unused)]`) on by default

warning: field `allowed` is never read
   --> toml-pretty-deser/src/lib.rs:775:5
    |
767 | pub struct TomlHelper<'a> {
    |            ---------- field in this struct
...
775 |     allowed: HashMap<String, String>,
    |     ^^^^^^^
    |
    = note: `#[warn(dead_code)]` (part of `#[warn(unused)]`) on by default

warning: `toml-pretty-deser` (lib) generated 2 warnings (run `cargo fix --lib -p toml-pretty-deser` to apply 1 suggestion)
warning: `toml-pretty-deser` (lib test) generated 2 warnings (2 duplicates)
warning: unused variable: `errors`
   --> toml-pretty-deser/tests/basic.rs:535:41
    |
535 |     if let Err(DeserError::DeserFailure(errors, output)) = result {
    |                                         ^^^^^^ help: if this is intentional, prefix it with an underscore: `_errors`
    |
    = note: `#[warn(unused_variables)]` (part of `#[warn(unused)]`) on by default

warning: unused variable: `errors`
    --> toml-pretty-deser/tests/basic.rs:1076:41
     |
1076 |     if let Err(DeserError::DeserFailure(errors, output)) = result {
     |                                         ^^^^^^ help: if this is intentional, prefix it with an underscore: `_errors`

       Fresh toml-pretty-deser v0.1.0 (/tmp/nix-shell.fWA0aw/cargo-mutants-toml-pretty-deser-zBlI0F.tmp/toml-pretty-deser)
warning: `toml-pretty-deser` (test "basic") generated 2 warnings (run `cargo fix --test "basic" -p toml-pretty-deser` to apply 2 suggestions)
    Finished `test` profile [unoptimized + debuginfo] target(s) in 0.02s
     Running `/home/finkernagel/.cache/cargo/target/debug/deps/toml_pretty_deser-07d9828939c75c69`

running 2 tests
test tests::test_normalize_no_case ... ok
test tests::test_field_match_mode ... ok

test result: ok. 2 passed; 0 failed; 0 ignored; 0 measured; 0 filtered out; finished in 0.00s

     Running `/home/finkernagel/.cache/cargo/target/debug/deps/basic-c7883bdc8893c706`

running 38 tests
test test_alias_exact_mode ... ok
test test_any_case_mode_kebab ... ok
test test_any_case_mode_camel ... ok
test test_alias_with_any_case_mode ... ok
test test_any_case_mode_shouty ... ok
test test_alias_exact_mode_failure ... ok
test test_any_case_mode_snake ... ok
test test_arrays ... ok
test test_any_case_mode_train ... ok
test test_any_case_mode_upper_camel ... ok
test test_complex_mixed_case ... ok
test test_any_case_mode_unknown_key ... ok
test test_arrays_with_optional ... ok
test test_array_wrong_element_type ... FAILED
test test_enum_happy_path ... ok
test test_enum_optional_missing ... ok
test test_complex_mixed_case_key_reused ... ok
test test_enum_missing_required ... FAILED
test test_enum_invalid_variant ... FAILED
test test_happy_path ... ok
test test_nested_happy_half ... FAILED
test test_nested_with_alias ... ok
test test_missing ... FAILED
test test_nested_happy ... ok
test test_nested_with_any_case_mode ... ok
test test_optional_missing ... ok
test test_range_validation ... FAILED
test test_two_level_nested_missing_inner ... ok
test test_two_errors_pretty ... FAILED
test test_nested_lower_failure ... FAILED
test test_two_level_nested_happy ... ok
test test_vec_missing ... FAILED
test test_two_level_nested_missing_inner_field ... FAILED
test test_two_level_nested_with_optional_nested ... ok
test test_two_level_nested_inline_table ... ok
test test_upper_lower_mode ... ok
test test_validation_failure ... FAILED
test test_wrong_type ... FAILED

failures:

---- test_array_wrong_element_type stdout ----
[toml-pretty-deser/tests/basic.rs:303:5] &result = Err(
    StillIncomplete(
        [],
        PartialComplexOutput {
            items: TomlValue {
                value: None,
                state: ValidationFailed {
                    span: 21..30,
                    message: "Array contains invalid elements",
                },
                required: true,
            },
            numbers: TomlValue {
                value: Some(
                    [
                        1,
                        2,
                        3,
                    ],
                ),
                state: Ok {
                    span: 87..96,
                },
                required: true,
            },
            opt_items: TomlValue {
                value: Some(
                    None,
                ),
                state: Ok {
                    span: 0..0,
                },
                required: false,
            },
        },
    ),
)

thread 'test_array_wrong_element_type' (2440562) panicked at toml-pretty-deser/tests/basic.rs:308:9:
Expected failure due to wrong array element type
note: run with `RUST_BACKTRACE=1` environment variable to display a backtrace

---- test_enum_missing_required stdout ----
[toml-pretty-deser/tests/basic.rs:407:5] &result = Err(
    StillIncomplete(
        [],
        PartialEnumOutput {
            an_enum: TomlValue {
                value: None,
                state: Missing {
                    key: "an_enum",
                    parent_span: 0..0,
                },
                required: true,
            },
            opt_enum: TomlValue {
                value: Some(
                    None,
                ),
                state: Ok {
                    span: 0..0,
                },
                required: false,
            },
            vec_enum: TomlValue {
                value: Some(
                    [
                        One,
                    ],
                ),
                state: Ok {
                    span: 57..64,
                },
                required: true,
            },
            opt_vec_enum: TomlValue {
                value: Some(
                    None,
                ),
                state: Ok {
                    span: 0..0,
                },
                required: false,
            },
        },
    ),
)

thread 'test_enum_missing_required' (2440569) panicked at toml-pretty-deser/tests/basic.rs:415:9:
Expected failure due to missing required enum field

---- test_enum_invalid_variant stdout ----
[toml-pretty-deser/tests/basic.rs:387:5] &result = Err(
    StillIncomplete(
        [],
        PartialEnumOutput {
            an_enum: TomlValue {
                value: None,
                state: ValidationFailed {
                    span: 23..39,
                    message: "Invalid enum variant 'InvalidVariant'. Valid variants are: One, TwoThree, Four",
                },
                required: true,
            },
            opt_enum: TomlValue {
                value: Some(
                    None,
                ),
                state: Ok {
                    span: 0..0,
                },
                required: false,
            },
            vec_enum: TomlValue {
                value: Some(
                    [
                        One,
                    ],
                ),
                state: Ok {
                    span: 63..70,
                },
                required: true,
            },
            opt_vec_enum: TomlValue {
                value: Some(
                    None,
                ),
                state: Ok {
                    span: 0..0,
                },
                required: false,
            },
        },
    ),
)

thread 'test_enum_invalid_variant' (2440568) panicked at toml-pretty-deser/tests/basic.rs:395:9:
Expected failure due to invalid enum variant

---- test_nested_happy_half stdout ----
[toml-pretty-deser/tests/basic.rs:493:5] &result = Err(
    StillIncomplete(
        [],
        PartialOuter {
            nested: TomlValue {
                value: Some(
                    PartialNested {
                        name: TomlValue {
                            value: Some(
                                "a",
                            ),
                            state: Ok {
                                span: 37..40,
                            },
                            required: true,
                        },
                        value: TomlValue {
                            value: None,
                            state: Missing {
                                key: "value",
                                parent_span: 9..17,
                            },
                            required: true,
                        },
                    },
                ),
                state: ValidationFailed {
                    span: 9..17,
                    message: "Nested struct has errors",
                },
                required: true,
            },
            inline_nested: TomlValue {
                value: None,
                state: Missing {
                    key: "inline_nested",
                    parent_span: 0..0,
                },
                required: true,
            },
            opt_nested: TomlValue {
                value: Some(
                    None,
                ),
                state: Ok {
                    span: 0..0,
                },
                required: false,
            },
            vec_nested: TomlValue {
                value: None,
                state: Missing {
                    key: "vec_nested",
                    parent_span: 0..0,
                },
                required: true,
            },
        },
    ),
)

thread 'test_nested_happy_half' (2440574) panicked at toml-pretty-deser/tests/basic.rs:504:9:
explicit panic

---- test_missing stdout ----
[toml-pretty-deser/tests/basic.rs:97:5] &result = Err(
    StillIncomplete(
        [],
        PartialOutput {
            a_u8: TomlValue {
                value: None,
                state: Missing {
                    key: "a_u8",
                    parent_span: 0..0,
                },
                required: true,
            },
            a_i64: TomlValue {
                value: Some(
                    -123,
                ),
                state: Ok {
                    span: 46..50,
                },
                required: true,
            },
            a_f64: TomlValue {
                value: Some(
                    3.14,
                ),
                state: Ok {
                    span: 71..75,
                },
                required: true,
            },
            a_string: TomlValue {
                value: Some(
                    "Hello, World!",
                ),
                state: Ok {
                    span: 99..114,
                },
                required: true,
            },
            a_bool: TomlValue {
                value: Some(
                    true,
                ),
                state: Ok {
                    span: 136..140,
                },
                required: true,
            },
            opt_a_u8: TomlValue {
                value: Some(
                    Some(
                        128,
                    ),
                ),
                state: Ok {
                    span: 165..168,
                },
                required: false,
            },
            opt_a_i64: TomlValue {
                value: Some(
                    Some(
                        -456,
                    ),
                ),
                state: Ok {
                    span: 193..197,
                },
                required: false,
            },
            opt_a_f64: TomlValue {
                value: Some(
                    Some(
                        2.71,
                    ),
                ),
                state: Ok {
                    span: 222..226,
                },
                required: false,
            },
            opt_a_string: TomlValue {
                value: Some(
                    Some(
                        "Optional String",
                    ),
                ),
                state: Ok {
                    span: 254..271,
                },
                required: false,
            },
            opt_a_bool: TomlValue {
                value: Some(
                    Some(
                        false,
                    ),
                ),
                state: Ok {
                    span: 297..302,
                },
                required: false,
            },
            verified_i16: TomlValue {
                value: Some(
                    10,
                ),
                state: Ok {
                    span: 331..333,
                },
                required: true,
            },
            defaulted_i16: TomlValue {
                value: Some(
                    100,
                ),
                state: Ok {
                    span: 362..365,
                },
                required: true,
            },
        },
    ),
)

thread 'test_missing' (2440572) panicked at toml-pretty-deser/tests/basic.rs:104:9:
wrong result

---- test_range_validation stdout ----
[toml-pretty-deser/tests/basic.rs:219:5] &result = Err(
    StillIncomplete(
        [],
        PartialOutput {
            a_u8: TomlValue {
                value: None,
                state: ValidationFailed {
                    span: 20..23,
                    message: "integer out of range. Accepted: 0..255",
                },
                required: true,
            },
            a_i64: TomlValue {
                value: Some(
                    -123,
                ),
                state: Ok {
                    span: 44..48,
                },
                required: true,
            },
            a_f64: TomlValue {
                value: Some(
                    3.14,
                ),
                state: Ok {
                    span: 69..73,
                },
                required: true,
            },
            a_string: TomlValue {
                value: Some(
                    "Hello, World!",
                ),
                state: Ok {
                    span: 97..112,
                },
                required: true,
            },
            a_bool: TomlValue {
                value: Some(
                    true,
                ),
                state: Ok {
                    span: 134..138,
                },
                required: true,
            },
            opt_a_u8: TomlValue {
                value: Some(
                    Some(
                        128,
                    ),
                ),
                state: Ok {
                    span: 163..166,
                },
                required: false,
            },
            opt_a_i64: TomlValue {
                value: Some(
                    Some(
                        -456,
                    ),
                ),
                state: Ok {
                    span: 191..195,
                },
                required: false,
            },
            opt_a_f64: TomlValue {
                value: Some(
                    Some(
                        2.71,
                    ),
                ),
                state: Ok {
                    span: 220..224,
                },
                required: false,
            },
            opt_a_string: TomlValue {
                value: Some(
                    Some(
                        "Optional String",
                    ),
                ),
                state: Ok {
                    span: 252..269,
                },
                required: false,
            },
            opt_a_bool: TomlValue {
                value: Some(
                    Some(
                        false,
                    ),
                ),
                state: Ok {
                    span: 295..300,
                },
                required: false,
            },
            verified_i16: TomlValue {
                value: Some(
                    10,
                ),
                state: Ok {
                    span: 329..331,
                },
                required: true,
            },
            defaulted_i16: TomlValue {
                value: Some(
                    100,
                ),
                state: Ok {
                    span: 360..363,
                },
                required: true,
            },
        },
    ),
)

thread 'test_range_validation' (2440579) panicked at toml-pretty-deser/tests/basic.rs:224:9:
wrong result

---- test_two_errors_pretty stdout ----
[toml-pretty-deser/tests/basic.rs:739:5] &result = Err(
    DeserFailure(
        [
            HydratedAnnotatedError {
                source: RefCell {
                    value: "\n        [level1]\n            name = 'l1'\n\n        [level1.level2]\n            other = 2\n            # missing data field\n        ",
                },
                inner: AnnotatedError {
                    spans: [
                        SpannedMessage {
                            span: 79..84,
                            msg: "Unknown key: other",
                        },
                    ],
                    help: Some(
                        "Did you mean: 'data'?",
                    ),
                },
            },
        ],
        PartialRoot {
            level1: TomlValue {
                value: Some(
                    PartialLevel1 {
                        name: TomlValue {
                            value: Some(
                                "l1",
                            ),
                            state: Ok {
                                span: 37..41,
                            },
                            required: true,
                        },
                        level2: TomlValue {
                            value: Some(
                                PartialLevel2 {
                                    data: TomlValue {
                                        value: None,
                                        state: Missing {
                                            key: "data",
                                            parent_span: 51..66,
                                        },
                                        required: true,
                                    },
                                },
                            ),
                            state: ValidationFailed {
                                span: 51..66,
                                message: "Nested struct has errors",
                            },
                            required: true,
                        },
                        opt_level2: TomlValue {
                            value: Some(
                                None,
                            ),
                            state: Ok {
                                span: 0..0,
                            },
                            required: false,
                        },
                    },
                ),
                state: ValidationFailed {
                    span: 9..17,
                    message: "Nested struct has errors",
                },
                required: true,
            },
            opt_level1: TomlValue {
                value: Some(
                    None,
                ),
                state: Ok {
                    span: 0..0,
                },
                required: false,
            },
        },
    ),
)

thread 'test_two_errors_pretty' (2440580) panicked at toml-pretty-deser/tests/basic.rs:741:9:
assertion `left == right` failed
  left: 1
 right: 2

---- test_nested_lower_failure stdout ----
[toml-pretty-deser/tests/basic.rs:534:5] &result = Err(
    StillIncomplete(
        [],
        PartialOuter {
            nested: TomlValue {
                value: Some(
                    PartialNested {
                        name: TomlValue {
                            value: None,
                            state: WrongType {
                                span: 117..119,
                                expected: "string",
                                found: "integer",
                            },
                            required: true,
                        },
                        value: TomlValue {
                            value: Some(
                                1,
                            ),
                            state: Ok {
                                span: 140..141,
                            },
                            required: true,
                        },
                    },
                ),
                state: ValidationFailed {
                    span: 89..97,
                    message: "Nested struct has errors",
                },
                required: true,
            },
            inline_nested: TomlValue {
                value: Some(
                    PartialNested {
                        name: TomlValue {
                            value: None,
                            state: WrongType {
                                span: 46..47,
                                expected: "string",
                                found: "integer",
                            },
                            required: true,
                        },
                        value: TomlValue {
                            value: Some(
                                4,
                            ),
                            state: Ok {
                                span: 69..70,
                            },
                            required: true,
                        },
                    },
                ),
                state: ValidationFailed {
                    span: 25..80,
                    message: "Nested struct has errors",
                },
                required: true,
            },
            opt_nested: TomlValue {
                value: Some(
                    Some(
                        PartialNested {
                            name: TomlValue {
                                value: None,
                                state: WrongType {
                                    span: 183..185,
                                    expected: "string",
                                    found: "integer",
                                },
                                required: true,
                            },
                            value: TomlValue {
                                value: Some(
                                    2,
                                ),
                                state: Ok {
                                    span: 206..207,
                                },
                                required: true,
                            },
                        },
                    ),
                ),
                state: ValidationFailed {
                    span: 151..163,
                    message: "Nested struct has errors",
                },
                required: false,
            },
            vec_nested: TomlValue {
                value: Some(
                    [
                        PartialNested {
                            name: TomlValue {
                                value: None,
                                state: WrongType {
                                    span: 251..253,
                                    expected: "string",
                                    found: "integer",
                                },
                                required: true,
                            },
                            value: TomlValue {
                                value: Some(
                                    31,
                                ),
                                state: Ok {
                                    span: 274..276,
                                },
                                required: true,
                            },
                        },
                        PartialNested {
                            name: TomlValue {
                                value: None,
                                state: WrongType {
                                    span: 320..322,
                                    expected: "string",
                                    found: "integer",
                                },
                                required: true,
                            },
                            value: TomlValue {
                                value: Some(
                                    32,
                                ),
                                state: Ok {
                                    span: 343..345,
                                },
                                required: true,
                            },
                        },
                    ],
                ),
                state: ValidationFailed {
                    span: 217..300,
                    message: "Array of nested structs has errors",
                },
                required: true,
            },
        },
    ),
)

thread 'test_nested_lower_failure' (2440575) panicked at toml-pretty-deser/tests/basic.rs:567:9:
explicit panic

---- test_vec_missing stdout ----
[toml-pretty-deser/tests/basic.rs:283:5] &result = Err(
    StillIncomplete(
        [],
        PartialComplexOutput {
            items: TomlValue {
                value: Some(
                    [
                        "a",
                    ],
                ),
                state: Ok {
                    span: 21..26,
                },
                required: true,
            },
            numbers: TomlValue {
                value: None,
                state: Missing {
                    key: "numbers",
                    parent_span: 0..0,
                },
                required: true,
            },
            opt_items: TomlValue {
                value: Some(
                    None,
                ),
                state: Ok {
                    span: 0..0,
                },
                required: false,
            },
        },
    ),
)

thread 'test_vec_missing' (2440588) panicked at toml-pretty-deser/tests/basic.rs:291:9:
Expected failure due to missing numbers field

---- test_two_level_nested_missing_inner_field stdout ----
[toml-pretty-deser/tests/basic.rs:715:5] &result = Err(
    StillIncomplete(
        [],
        PartialRoot {
            level1: TomlValue {
                value: Some(
                    PartialLevel1 {
                        name: TomlValue {
                            value: Some(
                                "l1",
                            ),
                            state: Ok {
                                span: 37..41,
                            },
                            required: true,
                        },
                        level2: TomlValue {
                            value: Some(
                                PartialLevel2 {
                                    data: TomlValue {
                                        value: None,
                                        state: Missing {
                                            key: "data",
                                            parent_span: 51..66,
                                        },
                                        required: true,
                                    },
                                },
                            ),
                            state: ValidationFailed {
                                span: 51..66,
                                message: "Nested struct has errors",
                            },
                            required: true,
                        },
                        opt_level2: TomlValue {
                            value: Some(
                                None,
                            ),
                            state: Ok {
                                span: 0..0,
                            },
                            required: false,
                        },
                    },
                ),
                state: ValidationFailed {
                    span: 9..17,
                    message: "Nested struct has errors",
                },
                required: true,
            },
            opt_level1: TomlValue {
                value: Some(
                    None,
                ),
                state: Ok {
                    span: 0..0,
                },
                required: false,
            },
        },
    ),
)

thread 'test_two_level_nested_missing_inner_field' (2440584) panicked at toml-pretty-deser/tests/basic.rs:723:9:
Expected failure due to missing data field in level2

---- test_validation_failure stdout ----
[toml-pretty-deser/tests/basic.rs:161:5] &result = Err(
    StillIncomplete(
        [],
        PartialOutput {
            a_u8: TomlValue {
                value: Some(
                    255,
                ),
                state: Ok {
                    span: 20..23,
                },
                required: true,
            },
            a_i64: TomlValue {
                value: Some(
                    -123,
                ),
                state: Ok {
                    span: 44..48,
                },
                required: true,
            },
            a_f64: TomlValue {
                value: Some(
                    3.14,
                ),
                state: Ok {
                    span: 69..73,
                },
                required: true,
            },
            a_string: TomlValue {
                value: Some(
                    "Hello, World!",
                ),
                state: Ok {
                    span: 97..112,
                },
                required: true,
            },
            a_bool: TomlValue {
                value: Some(
                    true,
                ),
                state: Ok {
                    span: 134..138,
                },
                required: true,
            },
            opt_a_u8: TomlValue {
                value: Some(
                    Some(
                        128,
                    ),
                ),
                state: Ok {
                    span: 163..166,
                },
                required: false,
            },
            opt_a_i64: TomlValue {
                value: Some(
                    Some(
                        -456,
                    ),
                ),
                state: Ok {
                    span: 191..195,
                },
                required: false,
            },
            opt_a_f64: TomlValue {
                value: Some(
                    Some(
                        2.71,
                    ),
                ),
                state: Ok {
                    span: 220..224,
                },
                required: false,
            },
            opt_a_string: TomlValue {
                value: Some(
                    Some(
                        "Optional String",
                    ),
                ),
                state: Ok {
                    span: 252..269,
                },
                required: false,
            },
            opt_a_bool: TomlValue {
                value: Some(
                    Some(
                        false,
                    ),
                ),
                state: Ok {
                    span: 295..300,
                },
                required: false,
            },
            verified_i16: TomlValue {
                value: None,
                state: ValidationFailed {
                    span: 329..330,
                    message: "Too small",
                },
                required: true,
            },
            defaulted_i16: TomlValue {
                value: Some(
                    100,
                ),
                state: Ok {
                    span: 359..362,
                },
                required: true,
            },
        },
    ),
)

thread 'test_validation_failure' (2440587) panicked at toml-pretty-deser/tests/basic.rs:166:9:
wrong result

---- test_wrong_type stdout ----
[toml-pretty-deser/tests/basic.rs:190:5] &result = Err(
    StillIncomplete(
        [],
        PartialOutput {
            a_u8: TomlValue {
                value: None,
                state: WrongType {
                    span: 20..34,
                    expected: "u8",
                    found: "string",
                },
                required: true,
            },
            a_i64: TomlValue {
                value: Some(
                    -123,
                ),
                state: Ok {
                    span: 55..59,
                },
                required: true,
            },
            a_f64: TomlValue {
                value: Some(
                    3.14,
                ),
                state: Ok {
                    span: 80..84,
                },
                required: true,
            },
            a_string: TomlValue {
                value: Some(
                    "Hello, World!",
                ),
                state: Ok {
                    span: 108..123,
                },
                required: true,
            },
            a_bool: TomlValue {
                value: Some(
                    true,
                ),
                state: Ok {
                    span: 145..149,
                },
                required: true,
            },
            opt_a_u8: TomlValue {
                value: Some(
                    Some(
                        128,
                    ),
                ),
                state: Ok {
                    span: 174..177,
                },
                required: false,
            },
            opt_a_i64: TomlValue {
                value: Some(
                    Some(
                        -456,
                    ),
                ),
                state: Ok {
                    span: 202..206,
                },
                required: false,
            },
            opt_a_f64: TomlValue {
                value: Some(
                    Some(
                        2.71,
                    ),
                ),
                state: Ok {
                    span: 231..235,
                },
                required: false,
            },
            opt_a_string: TomlValue {
                value: Some(
                    Some(
                        "Optional String",
                    ),
                ),
                state: Ok {
                    span: 263..280,
                },
                required: false,
            },
            opt_a_bool: TomlValue {
                value: Some(
                    Some(
                        false,
                    ),
                ),
                state: Ok {
                    span: 306..311,
                },
                required: false,
            },
            verified_i16: TomlValue {
                value: Some(
                    10,
                ),
                state: Ok {
                    span: 340..342,
                },
                required: true,
            },
            defaulted_i16: TomlValue {
                value: Some(
                    100,
                ),
                state: Ok {
                    span: 371..374,
                },
                required: true,
            },
        },
    ),
)

thread 'test_wrong_type' (2440589) panicked at toml-pretty-deser/tests/basic.rs:195:9:
wrong result


failures:
    test_array_wrong_element_type
    test_enum_invalid_variant
    test_enum_missing_required
    test_missing
    test_nested_happy_half
    test_nested_lower_failure
    test_range_validation
    test_two_errors_pretty
    test_two_level_nested_missing_inner_field
    test_validation_failure
    test_vec_missing
    test_wrong_type

test result: FAILED. 26 passed; 12 failed; 0 ignored; 0 measured; 0 filtered out; finished in 0.00s

error: test failed, to rerun pass `-p toml-pretty-deser --test basic`

*** result: Failure(101)
