
*** toml-pretty-deser/src/lib.rs:1613:9: replace TomlValue<T>::as_ref -> Option<&T> with None

*** mutation diff:
--- toml-pretty-deser/src/lib.rs
+++ replace TomlValue<T>::as_ref -> Option<&T> with None
@@ -1605,20 +1605,17 @@
     pub fn into_option(self) -> Option<T> {
         match self.state {
             TomlValueState::Ok { .. } => self.value,
             _ => None,
         }
     }
 
     pub fn as_ref(&self) -> Option<&T> {
-        match self.state {
-            TomlValueState::Ok { .. } => self.value.as_ref(),
-            _ => None,
-        }
+        None /* ~ changed by cargo-mutants ~ */
     }
 
     pub fn unwrap(self) -> T {
         match self.state {
             TomlValueState::Ok { .. } => self.value.unwrap(),
             _ => panic!("Called unwrap on a TomlValue that is not Ok"),
         }
     }


*** /nix/store/826jircl576xphx7a459njgqfmcbd4x5-cargo-1.95.0-nightly-2026-01-21-x86_64-unknown-linux-gnu/bin/cargo test --no-run --verbose --package=toml-pretty-deser@0.1.0
       Fresh unicode-ident v1.0.22
       Fresh proc-macro2 v1.0.106
       Fresh autocfg v1.5.0
       Fresh quote v1.0.44
       Fresh hashbrown v0.16.1
       Fresh equivalent v1.0.2
       Fresh winnow v0.7.14
       Fresh toml_parser v1.0.6+spec-1.1.0
       Fresh indexmap v2.13.0
       Fresh syn v2.0.114
       Fresh toml_writer v1.0.6+spec-1.1.0
       Fresh toml_datetime v0.7.5+spec-1.1.0
       Fresh regex-automata v0.4.13
       Fresh memchr v2.7.6
       Fresh toml_edit v0.24.0+spec-1.1.0
       Fresh num-traits v0.2.19
       Fresh toml-pretty-deser-macros v0.1.0 (/tmp/nix-shell.fWA0aw/cargo-mutants-toml-pretty-deser-zBlI0F.tmp/toml-pretty-deser-macros)
       Fresh strsim v0.11.1
       Fresh codesnake v0.2.1
       Fresh bstr v1.12.1
       Dirty toml-pretty-deser v0.1.0 (/tmp/nix-shell.fWA0aw/cargo-mutants-toml-pretty-deser-zBlI0F.tmp/toml-pretty-deser): couldn't read metadata for file `/home/finkernagel/.cache/cargo/target/debug/deps/libtoml_pretty_deser-23ebeb13d54ac447.rlib`
   Compiling toml-pretty-deser v0.1.0 (/tmp/nix-shell.fWA0aw/cargo-mutants-toml-pretty-deser-zBlI0F.tmp/toml-pretty-deser)
     Running `rustc --crate-name toml_pretty_deser --edition=2024 toml-pretty-deser/src/lib.rs --error-format=json --json=diagnostic-rendered-ansi,artifacts,future-incompat --crate-type lib --emit=dep-info,metadata,link -C embed-bitcode=no -C debuginfo=2 --check-cfg 'cfg(docsrs,test)' --check-cfg 'cfg(feature, values())' -C metadata=a852430a061c5350 -C extra-filename=-23ebeb13d54ac447 --out-dir /home/finkernagel/.cache/cargo/target/debug/deps -C incremental=/home/finkernagel/.cache/cargo/target/debug/incremental -L dependency=/home/finkernagel/.cache/cargo/target/debug/deps --extern bstr=/home/finkernagel/.cache/cargo/target/debug/deps/libbstr-4045620ba0449622.rmeta --extern codesnake=/home/finkernagel/.cache/cargo/target/debug/deps/libcodesnake-4b12368228b7ace0.rmeta --extern memchr=/home/finkernagel/.cache/cargo/target/debug/deps/libmemchr-ce879c287aae1239.rmeta --extern num_traits=/home/finkernagel/.cache/cargo/target/debug/deps/libnum_traits-163a578cc7663ca5.rmeta --extern strsim=/home/finkernagel/.cache/cargo/target/debug/deps/libstrsim-35e26dbaedb97986.rmeta --extern toml_pretty_deser_macros=/home/finkernagel/.cache/cargo/target/debug/deps/libtoml_pretty_deser_macros-f792c9db6a0b2842.so --extern toml_edit=/home/finkernagel/.cache/cargo/target/debug/deps/libtoml_edit-6ba341dc50ff9c99.rmeta -C link-arg=-fuse-ld=mold`
     Running `rustc --crate-name toml_pretty_deser --edition=2024 toml-pretty-deser/src/lib.rs --error-format=json --json=diagnostic-rendered-ansi,artifacts,future-incompat --emit=dep-info,link -C embed-bitcode=no -C debuginfo=2 --test --check-cfg 'cfg(docsrs,test)' --check-cfg 'cfg(feature, values())' -C metadata=857480bb847c9bbe -C extra-filename=-07d9828939c75c69 --out-dir /home/finkernagel/.cache/cargo/target/debug/deps -C incremental=/home/finkernagel/.cache/cargo/target/debug/incremental -L dependency=/home/finkernagel/.cache/cargo/target/debug/deps --extern bstr=/home/finkernagel/.cache/cargo/target/debug/deps/libbstr-4045620ba0449622.rlib --extern codesnake=/home/finkernagel/.cache/cargo/target/debug/deps/libcodesnake-4b12368228b7ace0.rlib --extern memchr=/home/finkernagel/.cache/cargo/target/debug/deps/libmemchr-ce879c287aae1239.rlib --extern num_traits=/home/finkernagel/.cache/cargo/target/debug/deps/libnum_traits-163a578cc7663ca5.rlib --extern strsim=/home/finkernagel/.cache/cargo/target/debug/deps/libstrsim-35e26dbaedb97986.rlib --extern toml_pretty_deser_macros=/home/finkernagel/.cache/cargo/target/debug/deps/libtoml_pretty_deser_macros-f792c9db6a0b2842.so --extern toml_edit=/home/finkernagel/.cache/cargo/target/debug/deps/libtoml_edit-6ba341dc50ff9c99.rlib -C link-arg=-fuse-ld=mold`
warning: field `allowed` is never read
   --> toml-pretty-deser/src/lib.rs:775:5
    |
767 | pub struct TomlHelper<'a> {
    |            ---------- field in this struct
...
775 |     allowed: HashMap<String, String>,
    |     ^^^^^^^
    |
    = note: `#[warn(dead_code)]` (part of `#[warn(unused)]`) on by default

warning: `toml-pretty-deser` (lib test) generated 1 warning (1 duplicate)
warning: `toml-pretty-deser` (lib) generated 1 warning
     Running `rustc --crate-name basic --edition=2024 toml-pretty-deser/tests/basic.rs --error-format=json --json=diagnostic-rendered-ansi,artifacts,future-incompat --emit=dep-info,link -C embed-bitcode=no -C debuginfo=2 --test --check-cfg 'cfg(docsrs,test)' --check-cfg 'cfg(feature, values())' -C metadata=608c682146c4ede0 -C extra-filename=-c7883bdc8893c706 --out-dir /home/finkernagel/.cache/cargo/target/debug/deps -C incremental=/home/finkernagel/.cache/cargo/target/debug/incremental -L dependency=/home/finkernagel/.cache/cargo/target/debug/deps --extern bstr=/home/finkernagel/.cache/cargo/target/debug/deps/libbstr-4045620ba0449622.rlib --extern codesnake=/home/finkernagel/.cache/cargo/target/debug/deps/libcodesnake-4b12368228b7ace0.rlib --extern memchr=/home/finkernagel/.cache/cargo/target/debug/deps/libmemchr-ce879c287aae1239.rlib --extern num_traits=/home/finkernagel/.cache/cargo/target/debug/deps/libnum_traits-163a578cc7663ca5.rlib --extern strsim=/home/finkernagel/.cache/cargo/target/debug/deps/libstrsim-35e26dbaedb97986.rlib --extern toml_pretty_deser=/home/finkernagel/.cache/cargo/target/debug/deps/libtoml_pretty_deser-23ebeb13d54ac447.rlib --extern toml_pretty_deser_macros=/home/finkernagel/.cache/cargo/target/debug/deps/libtoml_pretty_deser_macros-f792c9db6a0b2842.so --extern toml_edit=/home/finkernagel/.cache/cargo/target/debug/deps/libtoml_edit-6ba341dc50ff9c99.rlib -C link-arg=-fuse-ld=mold`
warning: unused variable: `errors`
   --> toml-pretty-deser/tests/basic.rs:535:41
    |
535 |     if let Err(DeserError::DeserFailure(errors, output)) = result {
    |                                         ^^^^^^ help: if this is intentional, prefix it with an underscore: `_errors`
    |
    = note: `#[warn(unused_variables)]` (part of `#[warn(unused)]`) on by default

warning: unused variable: `errors`
    --> toml-pretty-deser/tests/basic.rs:1076:41
     |
1076 |     if let Err(DeserError::DeserFailure(errors, output)) = result {
     |                                         ^^^^^^ help: if this is intentional, prefix it with an underscore: `_errors`

warning: `toml-pretty-deser` (test "basic") generated 2 warnings (run `cargo fix --test "basic" -p toml-pretty-deser` to apply 2 suggestions)
    Finished `test` profile [unoptimized + debuginfo] target(s) in 0.41s
  Executable `/home/finkernagel/.cache/cargo/target/debug/deps/toml_pretty_deser-07d9828939c75c69`
  Executable `/home/finkernagel/.cache/cargo/target/debug/deps/basic-c7883bdc8893c706`

*** result: Success

*** /nix/store/826jircl576xphx7a459njgqfmcbd4x5-cargo-1.95.0-nightly-2026-01-21-x86_64-unknown-linux-gnu/bin/cargo test --verbose --package=toml-pretty-deser@0.1.0
       Fresh unicode-ident v1.0.22
       Fresh proc-macro2 v1.0.106
       Fresh autocfg v1.5.0
       Fresh quote v1.0.44
       Fresh hashbrown v0.16.1
       Fresh equivalent v1.0.2
       Fresh winnow v0.7.14
       Fresh toml_parser v1.0.6+spec-1.1.0
       Fresh indexmap v2.13.0
       Fresh syn v2.0.114
       Fresh memchr v2.7.6
       Fresh toml_datetime v0.7.5+spec-1.1.0
       Fresh regex-automata v0.4.13
       Fresh toml_writer v1.0.6+spec-1.1.0
       Fresh bstr v1.12.1
       Fresh num-traits v0.2.19
       Fresh toml-pretty-deser-macros v0.1.0 (/tmp/nix-shell.fWA0aw/cargo-mutants-toml-pretty-deser-zBlI0F.tmp/toml-pretty-deser-macros)
       Fresh codesnake v0.2.1
       Fresh strsim v0.11.1
       Fresh toml_edit v0.24.0+spec-1.1.0
warning: field `allowed` is never read
   --> toml-pretty-deser/src/lib.rs:775:5
    |
767 | pub struct TomlHelper<'a> {
    |            ---------- field in this struct
...
775 |     allowed: HashMap<String, String>,
    |     ^^^^^^^
    |
    = note: `#[warn(dead_code)]` (part of `#[warn(unused)]`) on by default

warning: `toml-pretty-deser` (lib) generated 1 warning
warning: `toml-pretty-deser` (lib test) generated 1 warning (1 duplicate)
       Fresh toml-pretty-deser v0.1.0 (/tmp/nix-shell.fWA0aw/cargo-mutants-toml-pretty-deser-zBlI0F.tmp/toml-pretty-deser)
warning: unused variable: `errors`
   --> toml-pretty-deser/tests/basic.rs:535:41
    |
535 |     if let Err(DeserError::DeserFailure(errors, output)) = result {
    |                                         ^^^^^^ help: if this is intentional, prefix it with an underscore: `_errors`
    |
    = note: `#[warn(unused_variables)]` (part of `#[warn(unused)]`) on by default

warning: unused variable: `errors`
    --> toml-pretty-deser/tests/basic.rs:1076:41
     |
1076 |     if let Err(DeserError::DeserFailure(errors, output)) = result {
     |                                         ^^^^^^ help: if this is intentional, prefix it with an underscore: `_errors`

warning: `toml-pretty-deser` (test "basic") generated 2 warnings (run `cargo fix --test "basic" -p toml-pretty-deser` to apply 2 suggestions)
    Finished `test` profile [unoptimized + debuginfo] target(s) in 0.02s
     Running `/home/finkernagel/.cache/cargo/target/debug/deps/toml_pretty_deser-07d9828939c75c69`

running 2 tests
test tests::test_field_match_mode ... ok
test tests::test_normalize_no_case ... ok

test result: ok. 2 passed; 0 failed; 0 ignored; 0 measured; 0 filtered out; finished in 0.00s

     Running `/home/finkernagel/.cache/cargo/target/debug/deps/basic-c7883bdc8893c706`

running 38 tests
test test_alias_exact_mode ... ok
test test_alias_with_any_case_mode ... ok
test test_any_case_mode_camel ... ok
test test_any_case_mode_kebab ... ok
test test_alias_exact_mode_failure ... ok
test test_any_case_mode_shouty ... ok
test test_any_case_mode_unknown_key ... ok
test test_any_case_mode_snake ... ok
test test_any_case_mode_upper_camel ... ok
test test_any_case_mode_train ... ok
test test_arrays ... ok
test test_array_wrong_element_type ... ok
test test_arrays_with_optional ... ok
test test_enum_happy_path ... ok
test test_complex_mixed_case ... ok
test test_enum_invalid_variant ... ok
test test_enum_optional_missing ... ok
test test_enum_missing_required ... ok
test test_complex_mixed_case_key_reused ... FAILED
test test_nested_happy_half ... FAILED
test test_nested_with_alias ... ok
test test_happy_path ... ok
test test_nested_happy ... ok
test test_nested_with_any_case_mode ... ok
test test_optional_missing ... ok
test test_missing ... ok
test test_two_errors_pretty ... ok
test test_two_level_nested_happy ... ok
test test_range_validation ... ok
test test_two_level_nested_missing_inner ... ok
test test_two_level_nested_missing_inner_field ... ok
test test_two_level_nested_inline_table ... ok
test test_upper_lower_mode ... ok
test test_nested_lower_failure ... FAILED
test test_vec_missing ... ok
test test_wrong_type ... ok
test test_validation_failure ... ok
test test_two_level_nested_with_optional_nested ... ok

failures:

---- test_complex_mixed_case_key_reused stdout ----
[toml-pretty-deser/tests/basic.rs:1075:5] &result = Err(
    DeserFailure(
        [
            HydratedAnnotatedError {
                source: RefCell {
                    value: "\n        API_KEY = 'shouty alias'\n        htmlparser= '23'\n        HTMLPARSER = 'consecutive caps'\n        api-key = 24\n        getHTTPResponse = 42\n    ",
                },
                inner: AnnotatedError {
                    spans: [
                        SpannedMessage {
                            span: 9..16,
                            msg: "Unknown key: API_KEY",
                        },
                    ],
                    help: Some(
                        "Did you mean: 'apikey' or 'htmlparser'?",
                    ),
                },
            },
            HydratedAnnotatedError {
                source: RefCell {
                    value: "\n        API_KEY = 'shouty alias'\n        htmlparser= '23'\n        HTMLPARSER = 'consecutive caps'\n        api-key = 24\n        getHTTPResponse = 42\n    ",
                },
                inner: AnnotatedError {
                    spans: [
                        SpannedMessage {
                            span: 42..52,
                            msg: "Unknown key: htmlparser",
                        },
                    ],
                    help: Some(
                        "Did you mean: 'htmlparser' or 'apikey'?",
                    ),
                },
            },
            HydratedAnnotatedError {
                source: RefCell {
                    value: "\n        API_KEY = 'shouty alias'\n        htmlparser= '23'\n        HTMLPARSER = 'consecutive caps'\n        api-key = 24\n        getHTTPResponse = 42\n    ",
                },
                inner: AnnotatedError {
                    spans: [
                        SpannedMessage {
                            span: 67..77,
                            msg: "Unknown key: HTMLPARSER",
                        },
                    ],
                    help: Some(
                        "Did you mean: 'htmlparser' or 'apikey'?",
                    ),
                },
            },
            HydratedAnnotatedError {
                source: RefCell {
                    value: "\n        API_KEY = 'shouty alias'\n        htmlparser= '23'\n        HTMLPARSER = 'consecutive caps'\n        api-key = 24\n        getHTTPResponse = 42\n    ",
                },
                inner: AnnotatedError {
                    spans: [
                        SpannedMessage {
                            span: 107..114,
                            msg: "Unknown key: api-key",
                        },
                    ],
                    help: Some(
                        "Did you mean: 'apikey' or 'htmlparser'?",
                    ),
                },
            },
            HydratedAnnotatedError {
                source: RefCell {
                    value: "\n        API_KEY = 'shouty alias'\n        htmlparser= '23'\n        HTMLPARSER = 'consecutive caps'\n        api-key = 24\n        getHTTPResponse = 42\n    ",
                },
                inner: AnnotatedError {
                    spans: [
                        SpannedMessage {
                            span: 19..33,
                            msg: "Key/alias conflict (defined multiple times)",
                        },
                        SpannedMessage {
                            span: 117..119,
                            msg: "Also defined here",
                        },
                    ],
                    help: Some(
                        "Use only one of the keys involved. Canonical is 'api_key'",
                    ),
                },
            },
            HydratedAnnotatedError {
                source: RefCell {
                    value: "\n        API_KEY = 'shouty alias'\n        htmlparser= '23'\n        HTMLPARSER = 'consecutive caps'\n        api-key = 24\n        getHTTPResponse = 42\n    ",
                },
                inner: AnnotatedError {
                    spans: [
                        SpannedMessage {
                            span: 54..58,
                            msg: "Key/alias conflict (defined multiple times)",
                        },
                        SpannedMessage {
                            span: 80..98,
                            msg: "Also defined here",
                        },
                    ],
                    help: Some(
                        "Use only one of the keys involved. Canonical is 'html_parser'",
                    ),
                },
            },
        ],
        PartialMixedCase {
            api_key: TomlValue {
                value: None,
                state: MultiDefined {
                    key: "api_key",
                    spans: [
                        19..33,
                        117..119,
                    ],
                },
                required: true,
            },
            html_parser: TomlValue {
                value: None,
                state: MultiDefined {
                    key: "html_parser",
                    spans: [
                        54..58,
                        80..98,
                    ],
                },
                required: true,
            },
            get_http_response: TomlValue {
                value: Some(
                    42,
                ),
                state: Ok {
                    span: 146..148,
                },
                required: true,
            },
        },
    ),
)

thread 'test_complex_mixed_case_key_reused' (2433386) panicked at toml-pretty-deser/tests/basic.rs:1079:55:
called `Option::unwrap()` on a `None` value
note: run with `RUST_BACKTRACE=1` environment variable to display a backtrace

---- test_nested_happy_half stdout ----
[toml-pretty-deser/tests/basic.rs:493:5] &result = Err(
    DeserFailure(
        [
            HydratedAnnotatedError {
                source: RefCell {
                    value: "\n        [nested]\n            name = 'a'\n        ",
                },
                inner: AnnotatedError {
                    spans: [
                        SpannedMessage {
                            span: 9..17,
                            msg: "Missing required key: value",
                        },
                    ],
                    help: Some(
                        "This key is required but was not found in the TOML document.",
                    ),
                },
            },
        ],
        PartialOuter {
            nested: TomlValue {
                value: Some(
                    PartialNested {
                        name: TomlValue {
                            value: Some(
                                "a",
                            ),
                            state: Ok {
                                span: 37..40,
                            },
                            required: true,
                        },
                        value: TomlValue {
                            value: None,
                            state: Missing {
                                key: "value",
                                parent_span: 9..17,
                            },
                            required: true,
                        },
                    },
                ),
                state: ValidationFailed {
                    span: 9..17,
                    message: "Nested struct has errors",
                },
                required: true,
            },
            inline_nested: TomlValue {
                value: None,
                state: Missing {
                    key: "inline_nested",
                    parent_span: 0..0,
                },
                required: true,
            },
            opt_nested: TomlValue {
                value: Some(
                    None,
                ),
                state: Ok {
                    span: 0..0,
                },
                required: false,
            },
            vec_nested: TomlValue {
                value: None,
                state: Missing {
                    key: "vec_nested",
                    parent_span: 0..0,
                },
                required: true,
            },
        },
    ),
)

thread 'test_nested_happy_half' (2433394) panicked at toml-pretty-deser/tests/basic.rs:496:66:
called `Option::unwrap()` on a `None` value

---- test_nested_lower_failure stdout ----
[toml-pretty-deser/tests/basic.rs:534:5] &result = Err(
    DeserFailure(
        [
            HydratedAnnotatedError {
                source: RefCell {
                    value: "\n        inline_nested = {\n            name = 2,\n            value = 4\n        }\n        [nested]\n            name = 55\n            value = 1\n\n        [opt_nested]\n            name = 55\n            value = 2\n\n        [[vec_nested]]\n            name = 55\n            value = 31\n\n        [[vec_nested]]\n            name = 55\n            value = 32\n\n        ",
                },
                inner: AnnotatedError {
                    spans: [
                        SpannedMessage {
                            span: 117..119,
                            msg: "Wrong type: expected string, found integer",
                        },
                    ],
                    help: Some(
                        "The value has the wrong type.",
                    ),
                },
            },
            HydratedAnnotatedError {
                source: RefCell {
                    value: "\n        inline_nested = {\n            name = 2,\n            value = 4\n        }\n        [nested]\n            name = 55\n            value = 1\n\n        [opt_nested]\n            name = 55\n            value = 2\n\n        [[vec_nested]]\n            name = 55\n            value = 31\n\n        [[vec_nested]]\n            name = 55\n            value = 32\n\n        ",
                },
                inner: AnnotatedError {
                    spans: [
                        SpannedMessage {
                            span: 46..47,
                            msg: "Wrong type: expected string, found integer",
                        },
                    ],
                    help: Some(
                        "The value has the wrong type.",
                    ),
                },
            },
            HydratedAnnotatedError {
                source: RefCell {
                    value: "\n        inline_nested = {\n            name = 2,\n            value = 4\n        }\n        [nested]\n            name = 55\n            value = 1\n\n        [opt_nested]\n            name = 55\n            value = 2\n\n        [[vec_nested]]\n            name = 55\n            value = 31\n\n        [[vec_nested]]\n            name = 55\n            value = 32\n\n        ",
                },
                inner: AnnotatedError {
                    spans: [
                        SpannedMessage {
                            span: 183..185,
                            msg: "Wrong type: expected string, found integer",
                        },
                    ],
                    help: Some(
                        "The value has the wrong type.",
                    ),
                },
            },
            HydratedAnnotatedError {
                source: RefCell {
                    value: "\n        inline_nested = {\n            name = 2,\n            value = 4\n        }\n        [nested]\n            name = 55\n            value = 1\n\n        [opt_nested]\n            name = 55\n            value = 2\n\n        [[vec_nested]]\n            name = 55\n            value = 31\n\n        [[vec_nested]]\n            name = 55\n            value = 32\n\n        ",
                },
                inner: AnnotatedError {
                    spans: [
                        SpannedMessage {
                            span: 251..253,
                            msg: "Wrong type: expected string, found integer",
                        },
                    ],
                    help: Some(
                        "The value has the wrong type.",
                    ),
                },
            },
            HydratedAnnotatedError {
                source: RefCell {
                    value: "\n        inline_nested = {\n            name = 2,\n            value = 4\n        }\n        [nested]\n            name = 55\n            value = 1\n\n        [opt_nested]\n            name = 55\n            value = 2\n\n        [[vec_nested]]\n            name = 55\n            value = 31\n\n        [[vec_nested]]\n            name = 55\n            value = 32\n\n        ",
                },
                inner: AnnotatedError {
                    spans: [
                        SpannedMessage {
                            span: 320..322,
                            msg: "Wrong type: expected string, found integer",
                        },
                    ],
                    help: Some(
                        "The value has the wrong type.",
                    ),
                },
            },
        ],
        PartialOuter {
            nested: TomlValue {
                value: Some(
                    PartialNested {
                        name: TomlValue {
                            value: None,
                            state: WrongType {
                                span: 117..119,
                                expected: "string",
                                found: "integer",
                            },
                            required: true,
                        },
                        value: TomlValue {
                            value: Some(
                                1,
                            ),
                            state: Ok {
                                span: 140..141,
                            },
                            required: true,
                        },
                    },
                ),
                state: ValidationFailed {
                    span: 89..97,
                    message: "Nested struct has errors",
                },
                required: true,
            },
            inline_nested: TomlValue {
                value: Some(
                    PartialNested {
                        name: TomlValue {
                            value: None,
                            state: WrongType {
                                span: 46..47,
                                expected: "string",
                                found: "integer",
                            },
                            required: true,
                        },
                        value: TomlValue {
                            value: Some(
                                4,
                            ),
                            state: Ok {
                                span: 69..70,
                            },
                            required: true,
                        },
                    },
                ),
                state: ValidationFailed {
                    span: 25..80,
                    message: "Nested struct has errors",
                },
                required: true,
            },
            opt_nested: TomlValue {
                value: Some(
                    Some(
                        PartialNested {
                            name: TomlValue {
                                value: None,
                                state: WrongType {
                                    span: 183..185,
                                    expected: "string",
                                    found: "integer",
                                },
                                required: true,
                            },
                            value: TomlValue {
                                value: Some(
                                    2,
                                ),
                                state: Ok {
                                    span: 206..207,
                                },
                                required: true,
                            },
                        },
                    ),
                ),
                state: ValidationFailed {
                    span: 151..163,
                    message: "Nested struct has errors",
                },
                required: false,
            },
            vec_nested: TomlValue {
                value: Some(
                    [
                        PartialNested {
                            name: TomlValue {
                                value: None,
                                state: WrongType {
                                    span: 251..253,
                                    expected: "string",
                                    found: "integer",
                                },
                                required: true,
                            },
                            value: TomlValue {
                                value: Some(
                                    31,
                                ),
                                state: Ok {
                                    span: 274..276,
                                },
                                required: true,
                            },
                        },
                        PartialNested {
                            name: TomlValue {
                                value: None,
                                state: WrongType {
                                    span: 320..322,
                                    expected: "string",
                                    found: "integer",
                                },
                                required: true,
                            },
                            value: TomlValue {
                                value: Some(
                                    32,
                                ),
                                state: Ok {
                                    span: 343..345,
                                },
                                required: true,
                            },
                        },
                    ],
                ),
                state: ValidationFailed {
                    span: 217..300,
                    message: "Array of nested structs has errors",
                },
                required: true,
            },
        },
    ),
)

thread 'test_nested_lower_failure' (2433395) panicked at toml-pretty-deser/tests/basic.rs:546:18:
called `Option::unwrap()` on a `None` value


failures:
    test_complex_mixed_case_key_reused
    test_nested_happy_half
    test_nested_lower_failure

test result: FAILED. 35 passed; 3 failed; 0 ignored; 0 measured; 0 filtered out; finished in 0.00s

error: test failed, to rerun pass `-p toml-pretty-deser --test basic`

*** result: Failure(101)
