
*** toml-pretty-deser/src/lib.rs:1235:9: replace <impl FromTomlItem for TomlValue<String>>::from_toml_item -> Self with Default::default()

*** mutation diff:
--- toml-pretty-deser/src/lib.rs
+++ replace <impl FromTomlItem for TomlValue<String>>::from_toml_item -> Self with Default::default()
@@ -1227,63 +1227,17 @@
 }
 
 impl FromTomlItem for TomlValue<String> {
     fn is_optional() -> bool {
         true
     }
 
     fn from_toml_item(item: &toml_edit::Item, parent_span: Range<usize>) -> Self {
-        match item {
-            toml_edit::Item::None => TomlValue {
-                value: None,
-                required: true,
-                state: TomlValueState::Missing {
-                    key: "".to_string(),
-                    parent_span,
-                },
-            },
-            toml_edit::Item::Value(toml_edit::Value::String(formatted)) => {
-                let value = formatted.value().to_string();
-                TomlValue {
-                    required: true,
-                    value: Some(value),
-                    state: TomlValueState::Ok {
-                        span: formatted.span().unwrap_or(parent_span.clone()),
-                    },
-                }
-            }
-            toml_edit::Item::Value(value) => TomlValue {
-                required: true,
-                value: None,
-                state: TomlValueState::WrongType {
-                    span: value.span().unwrap_or(parent_span.clone()),
-                    expected: "string",
-                    found: value.type_name(),
-                },
-            },
-            toml_edit::Item::Table(value) => TomlValue {
-                required: true,
-                value: None,
-                state: TomlValueState::WrongType {
-                    span: value.span().unwrap_or(parent_span.clone()),
-                    expected: "string",
-                    found: "table",
-                },
-            },
-            toml_edit::Item::ArrayOfTables(value) => TomlValue {
-                required: true,
-                value: None,
-                state: TomlValueState::WrongType {
-                    span: value.span().unwrap_or(parent_span.clone()),
-                    expected: "string",
-                    found: "array of tables",
-                },
-            },
-        }
+        Default::default() /* ~ changed by cargo-mutants ~ */
     }
 }
 
 // Implementation for raw toml_edit::Item - used for nested struct deserialization
 impl FromTomlItem for TomlValue<toml_edit::Item> {
     fn is_optional() -> bool {
         true
     }


*** /nix/store/826jircl576xphx7a459njgqfmcbd4x5-cargo-1.95.0-nightly-2026-01-21-x86_64-unknown-linux-gnu/bin/cargo test --no-run --verbose --package=toml-pretty-deser@0.1.0
       Fresh unicode-ident v1.0.22
       Fresh proc-macro2 v1.0.106
       Fresh autocfg v1.5.0
       Fresh quote v1.0.44
       Fresh hashbrown v0.16.1
       Fresh winnow v0.7.14
       Fresh equivalent v1.0.2
       Fresh memchr v2.7.6
       Fresh toml_datetime v0.7.5+spec-1.1.0
       Fresh regex-automata v0.4.13
       Fresh toml_writer v1.0.6+spec-1.1.0
       Fresh strsim v0.11.1
       Fresh codesnake v0.2.1
       Fresh toml_parser v1.0.6+spec-1.1.0
       Fresh syn v2.0.114
       Fresh indexmap v2.13.0
       Fresh bstr v1.12.1
       Fresh toml_edit v0.24.0+spec-1.1.0
       Fresh num-traits v0.2.19
       Fresh toml-pretty-deser-macros v0.1.0 (/tmp/nix-shell.fWA0aw/cargo-mutants-toml-pretty-deser-Ha55Kf.tmp/toml-pretty-deser-macros)
       Dirty toml-pretty-deser v0.1.0 (/tmp/nix-shell.fWA0aw/cargo-mutants-toml-pretty-deser-Ha55Kf.tmp/toml-pretty-deser): couldn't read metadata for file `/home/finkernagel/.cache/cargo/target/debug/deps/libtoml_pretty_deser-23ebeb13d54ac447.rlib`
   Compiling toml-pretty-deser v0.1.0 (/tmp/nix-shell.fWA0aw/cargo-mutants-toml-pretty-deser-Ha55Kf.tmp/toml-pretty-deser)
     Running `rustc --crate-name toml_pretty_deser --edition=2024 toml-pretty-deser/src/lib.rs --error-format=json --json=diagnostic-rendered-ansi,artifacts,future-incompat --crate-type lib --emit=dep-info,metadata,link -C embed-bitcode=no -C debuginfo=2 --check-cfg 'cfg(docsrs,test)' --check-cfg 'cfg(feature, values())' -C metadata=a852430a061c5350 -C extra-filename=-23ebeb13d54ac447 --out-dir /home/finkernagel/.cache/cargo/target/debug/deps -C incremental=/home/finkernagel/.cache/cargo/target/debug/incremental -L dependency=/home/finkernagel/.cache/cargo/target/debug/deps --extern bstr=/home/finkernagel/.cache/cargo/target/debug/deps/libbstr-4045620ba0449622.rmeta --extern codesnake=/home/finkernagel/.cache/cargo/target/debug/deps/libcodesnake-4b12368228b7ace0.rmeta --extern memchr=/home/finkernagel/.cache/cargo/target/debug/deps/libmemchr-ce879c287aae1239.rmeta --extern num_traits=/home/finkernagel/.cache/cargo/target/debug/deps/libnum_traits-163a578cc7663ca5.rmeta --extern strsim=/home/finkernagel/.cache/cargo/target/debug/deps/libstrsim-35e26dbaedb97986.rmeta --extern toml_pretty_deser_macros=/home/finkernagel/.cache/cargo/target/debug/deps/libtoml_pretty_deser_macros-f792c9db6a0b2842.so --extern toml_edit=/home/finkernagel/.cache/cargo/target/debug/deps/libtoml_edit-6ba341dc50ff9c99.rmeta -C link-arg=-fuse-ld=mold`
     Running `rustc --crate-name toml_pretty_deser --edition=2024 toml-pretty-deser/src/lib.rs --error-format=json --json=diagnostic-rendered-ansi,artifacts,future-incompat --emit=dep-info,link -C embed-bitcode=no -C debuginfo=2 --test --check-cfg 'cfg(docsrs,test)' --check-cfg 'cfg(feature, values())' -C metadata=857480bb847c9bbe -C extra-filename=-07d9828939c75c69 --out-dir /home/finkernagel/.cache/cargo/target/debug/deps -C incremental=/home/finkernagel/.cache/cargo/target/debug/incremental -L dependency=/home/finkernagel/.cache/cargo/target/debug/deps --extern bstr=/home/finkernagel/.cache/cargo/target/debug/deps/libbstr-4045620ba0449622.rlib --extern codesnake=/home/finkernagel/.cache/cargo/target/debug/deps/libcodesnake-4b12368228b7ace0.rlib --extern memchr=/home/finkernagel/.cache/cargo/target/debug/deps/libmemchr-ce879c287aae1239.rlib --extern num_traits=/home/finkernagel/.cache/cargo/target/debug/deps/libnum_traits-163a578cc7663ca5.rlib --extern strsim=/home/finkernagel/.cache/cargo/target/debug/deps/libstrsim-35e26dbaedb97986.rlib --extern toml_pretty_deser_macros=/home/finkernagel/.cache/cargo/target/debug/deps/libtoml_pretty_deser_macros-f792c9db6a0b2842.so --extern toml_edit=/home/finkernagel/.cache/cargo/target/debug/deps/libtoml_edit-6ba341dc50ff9c99.rlib -C link-arg=-fuse-ld=mold`
warning: unused variable: `item`
    --> toml-pretty-deser/src/lib.rs:1234:23
     |
1234 |     fn from_toml_item(item: &toml_edit::Item, parent_span: Range<usize>) -> Self {
     |                       ^^^^ help: if this is intentional, prefix it with an underscore: `_item`
     |
     = note: `#[warn(unused_variables)]` (part of `#[warn(unused)]`) on by default

warning: unused variable: `parent_span`
    --> toml-pretty-deser/src/lib.rs:1234:47
     |
1234 |     fn from_toml_item(item: &toml_edit::Item, parent_span: Range<usize>) -> Self {
     |                                               ^^^^^^^^^^^ help: if this is intentional, prefix it with an underscore: `_parent_span`

warning: field `allowed` is never read
   --> toml-pretty-deser/src/lib.rs:775:5
    |
767 | pub struct TomlHelper<'a> {
    |            ---------- field in this struct
...
775 |     allowed: HashMap<String, String>,
    |     ^^^^^^^
    |
    = note: `#[warn(dead_code)]` (part of `#[warn(unused)]`) on by default

warning: `toml-pretty-deser` (lib test) generated 3 warnings (1 duplicate) (run `cargo fix --lib -p toml-pretty-deser --tests` to apply 2 suggestions)
warning: `toml-pretty-deser` (lib) generated 3 warnings (2 duplicates)
     Running `rustc --crate-name basic --edition=2024 toml-pretty-deser/tests/basic.rs --error-format=json --json=diagnostic-rendered-ansi,artifacts,future-incompat --emit=dep-info,link -C embed-bitcode=no -C debuginfo=2 --test --check-cfg 'cfg(docsrs,test)' --check-cfg 'cfg(feature, values())' -C metadata=608c682146c4ede0 -C extra-filename=-c7883bdc8893c706 --out-dir /home/finkernagel/.cache/cargo/target/debug/deps -C incremental=/home/finkernagel/.cache/cargo/target/debug/incremental -L dependency=/home/finkernagel/.cache/cargo/target/debug/deps --extern bstr=/home/finkernagel/.cache/cargo/target/debug/deps/libbstr-4045620ba0449622.rlib --extern codesnake=/home/finkernagel/.cache/cargo/target/debug/deps/libcodesnake-4b12368228b7ace0.rlib --extern memchr=/home/finkernagel/.cache/cargo/target/debug/deps/libmemchr-ce879c287aae1239.rlib --extern num_traits=/home/finkernagel/.cache/cargo/target/debug/deps/libnum_traits-163a578cc7663ca5.rlib --extern strsim=/home/finkernagel/.cache/cargo/target/debug/deps/libstrsim-35e26dbaedb97986.rlib --extern toml_pretty_deser=/home/finkernagel/.cache/cargo/target/debug/deps/libtoml_pretty_deser-23ebeb13d54ac447.rlib --extern toml_pretty_deser_macros=/home/finkernagel/.cache/cargo/target/debug/deps/libtoml_pretty_deser_macros-f792c9db6a0b2842.so --extern toml_edit=/home/finkernagel/.cache/cargo/target/debug/deps/libtoml_edit-6ba341dc50ff9c99.rlib -C link-arg=-fuse-ld=mold`
warning: unused variable: `errors`
    --> toml-pretty-deser/tests/basic.rs:1002:41
     |
1002 |     if let Err(DeserError::DeserFailure(errors, output)) = result {
     |                                         ^^^^^^ help: if this is intentional, prefix it with an underscore: `_errors`
     |
     = note: `#[warn(unused_variables)]` (part of `#[warn(unused)]`) on by default

warning: `toml-pretty-deser` (test "basic") generated 1 warning (run `cargo fix --test "basic" -p toml-pretty-deser` to apply 1 suggestion)
    Finished `test` profile [unoptimized + debuginfo] target(s) in 0.45s
  Executable `/home/finkernagel/.cache/cargo/target/debug/deps/toml_pretty_deser-07d9828939c75c69`
  Executable `/home/finkernagel/.cache/cargo/target/debug/deps/basic-c7883bdc8893c706`

*** result: Success

*** /nix/store/826jircl576xphx7a459njgqfmcbd4x5-cargo-1.95.0-nightly-2026-01-21-x86_64-unknown-linux-gnu/bin/cargo test --verbose --package=toml-pretty-deser@0.1.0
       Fresh unicode-ident v1.0.22
       Fresh proc-macro2 v1.0.106
       Fresh autocfg v1.5.0
       Fresh quote v1.0.44
       Fresh winnow v0.7.14
       Fresh hashbrown v0.16.1
       Fresh equivalent v1.0.2
       Fresh toml_parser v1.0.6+spec-1.1.0
       Fresh syn v2.0.114
       Fresh indexmap v2.13.0
       Fresh regex-automata v0.4.13
       Fresh toml_datetime v0.7.5+spec-1.1.0
       Fresh toml_writer v1.0.6+spec-1.1.0
       Fresh memchr v2.7.6
       Fresh toml-pretty-deser-macros v0.1.0 (/tmp/nix-shell.fWA0aw/cargo-mutants-toml-pretty-deser-Ha55Kf.tmp/toml-pretty-deser-macros)
       Fresh num-traits v0.2.19
       Fresh strsim v0.11.1
       Fresh codesnake v0.2.1
       Fresh bstr v1.12.1
       Fresh toml_edit v0.24.0+spec-1.1.0
warning: unused variable: `item`
    --> toml-pretty-deser/src/lib.rs:1234:23
     |
1234 |     fn from_toml_item(item: &toml_edit::Item, parent_span: Range<usize>) -> Self {
     |                       ^^^^ help: if this is intentional, prefix it with an underscore: `_item`
     |
     = note: `#[warn(unused_variables)]` (part of `#[warn(unused)]`) on by default

warning: unused variable: `parent_span`
    --> toml-pretty-deser/src/lib.rs:1234:47
     |
1234 |     fn from_toml_item(item: &toml_edit::Item, parent_span: Range<usize>) -> Self {
     |                                               ^^^^^^^^^^^ help: if this is intentional, prefix it with an underscore: `_parent_span`

warning: field `allowed` is never read
   --> toml-pretty-deser/src/lib.rs:775:5
    |
767 | pub struct TomlHelper<'a> {
    |            ---------- field in this struct
...
775 |     allowed: HashMap<String, String>,
    |     ^^^^^^^
    |
    = note: `#[warn(dead_code)]` (part of `#[warn(unused)]`) on by default

warning: `toml-pretty-deser` (lib) generated 3 warnings (run `cargo fix --lib -p toml-pretty-deser` to apply 2 suggestions)
warning: `toml-pretty-deser` (lib test) generated 3 warnings (3 duplicates)
       Fresh toml-pretty-deser v0.1.0 (/tmp/nix-shell.fWA0aw/cargo-mutants-toml-pretty-deser-Ha55Kf.tmp/toml-pretty-deser)
warning: unused variable: `errors`
    --> toml-pretty-deser/tests/basic.rs:1002:41
     |
1002 |     if let Err(DeserError::DeserFailure(errors, output)) = result {
     |                                         ^^^^^^ help: if this is intentional, prefix it with an underscore: `_errors`
     |
     = note: `#[warn(unused_variables)]` (part of `#[warn(unused)]`) on by default

warning: `toml-pretty-deser` (test "basic") generated 1 warning (run `cargo fix --test "basic" -p toml-pretty-deser` to apply 1 suggestion)
    Finished `test` profile [unoptimized + debuginfo] target(s) in 0.02s
     Running `/home/finkernagel/.cache/cargo/target/debug/deps/toml_pretty_deser-07d9828939c75c69`

running 2 tests
test tests::test_field_match_mode ... ok
test tests::test_normalize_no_case ... ok

test result: ok. 2 passed; 0 failed; 0 ignored; 0 measured; 0 filtered out; finished in 0.00s

     Running `/home/finkernagel/.cache/cargo/target/debug/deps/basic-c7883bdc8893c706`

running 37 tests
test test_alias_exact_mode_failure ... ok
test test_alias_exact_mode ... FAILED
test test_any_case_mode_camel ... FAILED
test test_any_case_mode_kebab ... FAILED
test test_any_case_mode_shouty ... FAILED
test test_alias_with_any_case_mode ... FAILED
test test_any_case_mode_train ... FAILED
test test_any_case_mode_snake ... FAILED
test test_any_case_mode_upper_camel ... FAILED
test test_arrays_and_nested ... FAILED
test test_array_wrong_element_type ... ok
test test_arrays_with_optional ... FAILED
test test_any_case_mode_unknown_key ... ok
test test_complex_mixed_case ... FAILED
test test_enum_happy_path ... FAILED
test test_enum_invalid_variant ... FAILED
test test_enum_missing_required ... FAILED
test test_complex_mixed_case_key_reused ... ok
test test_enum_optional_missing ... FAILED
test test_nested_happy_half ... FAILED
test test_happy_path ... FAILED
test test_nested_happy ... FAILED
test test_nested_with_any_case_mode ... FAILED
test test_missing ... ok
test test_nested_with_alias ... FAILED
test test_two_errors_pretty ... FAILED
test test_optional_missing ... FAILED
test test_two_level_nested_missing_inner_field ... FAILED
test test_two_level_nested_missing_inner ... ok
test test_range_validation ... ok
test test_two_level_nested_happy ... FAILED
test test_vec_missing ... ok
test test_validation_failure ... ok
test test_two_level_nested_inline_table ... FAILED
test test_two_level_nested_with_optional_nested ... FAILED
test test_upper_lower_mode ... FAILED
test test_wrong_type ... ok

failures:

---- test_alias_exact_mode stdout ----
[toml-pretty-deser/tests/basic.rs:715:5] &result = Err(
    StillIncomplete(
        [],
        PartialAliasedOutput {
            my_name: TomlValue {
                value: None,
                state: NotSet,
                required: false,
            },
            my_value: TomlValue {
                value: Some(
                    42,
                ),
                state: Ok {
                    span: 53..55,
                },
                required: true,
            },
            regular_field: TomlValue {
                value: None,
                state: NotSet,
                required: false,
            },
        },
    ),
)

thread 'test_alias_exact_mode' (2350712) panicked at toml-pretty-deser/tests/basic.rs:716:5:
assertion failed: result.is_ok()

---- test_any_case_mode_camel stdout ----
[toml-pretty-deser/tests/basic.rs:796:5] &result = Err(
    StillIncomplete(
        [],
        PartialCaseOutput {
            my_field: TomlValue {
                value: None,
                state: NotSet,
                required: false,
            },
            another_field: TomlValue {
                value: Some(
                    789,
                ),
                state: Ok {
                    span: 55..58,
                },
                required: true,
            },
        },
    ),
)

thread 'test_any_case_mode_camel' (2350715) panicked at toml-pretty-deser/tests/basic.rs:797:5:
assertion failed: result.is_ok()
note: run with `RUST_BACKTRACE=1` environment variable to display a backtrace

---- test_any_case_mode_kebab stdout ----
[toml-pretty-deser/tests/basic.rs:814:5] &result = Err(
    StillIncomplete(
        [],
        PartialCaseOutput {
            my_field: TomlValue {
                value: None,
                state: NotSet,
                required: false,
            },
            another_field: TomlValue {
                value: Some(
                    101,
                ),
                state: Ok {
                    span: 57..60,
                },
                required: true,
            },
        },
    ),
)

thread 'test_any_case_mode_kebab' (2350716) panicked at toml-pretty-deser/tests/basic.rs:815:5:
assertion failed: result.is_ok()

---- test_any_case_mode_shouty stdout ----
[toml-pretty-deser/tests/basic.rs:850:5] &result = Err(
    StillIncomplete(
        [],
        PartialCaseOutput {
            my_field: TomlValue {
                value: None,
                state: NotSet,
                required: false,
            },
            another_field: TomlValue {
                value: Some(
                    303,
                ),
                state: Ok {
                    span: 53..56,
                },
                required: true,
            },
        },
    ),
)

thread 'test_any_case_mode_shouty' (2350717) panicked at toml-pretty-deser/tests/basic.rs:851:5:
assertion failed: result.is_ok()

---- test_alias_with_any_case_mode stdout ----
[toml-pretty-deser/tests/basic.rs:906:5] &result = Err(
    StillIncomplete(
        [],
        PartialAliasedOutput {
            my_name: TomlValue {
                value: None,
                state: NotSet,
                required: false,
            },
            my_value: TomlValue {
                value: Some(
                    111,
                ),
                state: Ok {
                    span: 50..53,
                },
                required: true,
            },
            regular_field: TomlValue {
                value: None,
                state: NotSet,
                required: false,
            },
        },
    ),
)

thread 'test_alias_with_any_case_mode' (2350714) panicked at toml-pretty-deser/tests/basic.rs:907:5:
assertion failed: result.is_ok()

---- test_any_case_mode_train stdout ----
[toml-pretty-deser/tests/basic.rs:868:5] &result = Err(
    StillIncomplete(
        [],
        PartialCaseOutput {
            my_field: TomlValue {
                value: None,
                state: NotSet,
                required: false,
            },
            another_field: TomlValue {
                value: Some(
                    404,
                ),
                state: Ok {
                    span: 57..60,
                },
                required: true,
            },
        },
    ),
)

thread 'test_any_case_mode_train' (2350719) panicked at toml-pretty-deser/tests/basic.rs:869:5:
assertion failed: result.is_ok()

---- test_any_case_mode_snake stdout ----
[toml-pretty-deser/tests/basic.rs:778:5] &result = Err(
    StillIncomplete(
        [],
        PartialCaseOutput {
            my_field: TomlValue {
                value: None,
                state: NotSet,
                required: false,
            },
            another_field: TomlValue {
                value: Some(
                    456,
                ),
                state: Ok {
                    span: 57..60,
                },
                required: true,
            },
        },
    ),
)

thread 'test_any_case_mode_snake' (2350718) panicked at toml-pretty-deser/tests/basic.rs:779:5:
assertion failed: result.is_ok()

---- test_any_case_mode_upper_camel stdout ----
[toml-pretty-deser/tests/basic.rs:832:5] &result = Err(
    StillIncomplete(
        [],
        PartialCaseOutput {
            my_field: TomlValue {
                value: None,
                state: NotSet,
                required: false,
            },
            another_field: TomlValue {
                value: Some(
                    202,
                ),
                state: Ok {
                    span: 56..59,
                },
                required: true,
            },
        },
    ),
)

thread 'test_any_case_mode_upper_camel' (2350721) panicked at toml-pretty-deser/tests/basic.rs:833:5:
assertion failed: result.is_ok()

---- test_arrays_and_nested stdout ----
[toml-pretty-deser/tests/basic.rs:245:5] &result = Err(
    DeserFailure(
        [
            HydratedAnnotatedError {
                source: RefCell {
                    value: "\n            items = ['a', 'b', 'c']\n            numbers = [1, 2, 3, 4, 5]\n        ",
                },
                inner: AnnotatedError {
                    spans: [
                        SpannedMessage {
                            span: 21..36,
                            msg: "Validation failed: Array contains invalid elements",
                        },
                    ],
                    help: Some(
                        "The value failed validation checks.",
                    ),
                },
            },
        ],
        PartialComplexOutput {
            items: TomlValue {
                value: None,
                state: ValidationFailed {
                    span: 21..36,
                    message: "Array contains invalid elements",
                },
                required: true,
            },
            numbers: TomlValue {
                value: Some(
                    [
                        1,
                        2,
                        3,
                        4,
                        5,
                    ],
                ),
                state: Ok {
                    span: 59..74,
                },
                required: true,
            },
            opt_items: TomlValue {
                value: Some(
                    None,
                ),
                state: Ok {
                    span: 0..0,
                },
                required: false,
            },
        },
    ),
)

thread 'test_arrays_and_nested' (2350723) panicked at toml-pretty-deser/tests/basic.rs:246:5:
assertion failed: result.is_ok()

---- test_arrays_with_optional stdout ----
[toml-pretty-deser/tests/basic.rs:263:5] &result = Err(
    DeserFailure(
        [
            HydratedAnnotatedError {
                source: RefCell {
                    value: "\n            items = ['x', 'y']\n            numbers = [10, 20]\n            opt_items = ['optional', 'items']\n        ",
                },
                inner: AnnotatedError {
                    spans: [
                        SpannedMessage {
                            span: 21..31,
                            msg: "Validation failed: Array contains invalid elements",
                        },
                    ],
                    help: Some(
                        "The value failed validation checks.",
                    ),
                },
            },
            HydratedAnnotatedError {
                source: RefCell {
                    value: "\n            items = ['x', 'y']\n            numbers = [10, 20]\n            opt_items = ['optional', 'items']\n        ",
                },
                inner: AnnotatedError {
                    spans: [
                        SpannedMessage {
                            span: 87..108,
                            msg: "Validation failed: Array contains invalid elements",
                        },
                    ],
                    help: Some(
                        "The value failed validation checks.",
                    ),
                },
            },
        ],
        PartialComplexOutput {
            items: TomlValue {
                value: None,
                state: ValidationFailed {
                    span: 21..31,
                    message: "Array contains invalid elements",
                },
                required: true,
            },
            numbers: TomlValue {
                value: Some(
                    [
                        10,
                        20,
                    ],
                ),
                state: Ok {
                    span: 54..62,
                },
                required: true,
            },
            opt_items: TomlValue {
                value: None,
                state: ValidationFailed {
                    span: 87..108,
                    message: "Array contains invalid elements",
                },
                required: false,
            },
        },
    ),
)

thread 'test_arrays_with_optional' (2350724) panicked at toml-pretty-deser/tests/basic.rs:264:5:
assertion failed: result.is_ok()

---- test_complex_mixed_case stdout ----
[toml-pretty-deser/tests/basic.rs:980:5] &result = Err(
    StillIncomplete(
        [],
        PartialMixedCase {
            api_key: TomlValue {
                value: None,
                state: NotSet,
                required: false,
            },
            html_parser: TomlValue {
                value: None,
                state: NotSet,
                required: false,
            },
            get_http_response: TomlValue {
                value: Some(
                    42,
                ),
                state: Ok {
                    span: 100..102,
                },
                required: true,
            },
        },
    ),
)

thread 'test_complex_mixed_case' (2350725) panicked at toml-pretty-deser/tests/basic.rs:981:5:
assertion failed: result.is_ok()

---- test_enum_happy_path stdout ----
[toml-pretty-deser/tests/basic.rs:341:5] &result = Err(
    DeserFailure(
        [
            HydratedAnnotatedError {
                source: RefCell {
                    value: "\n            an_enum = 'One'\n            opt_enum = 'TwoThree'\n            vec_enum = ['One', 'Four']\n            opt_vec_enum = ['TwoThree', 'One']\n        ",
                },
                inner: AnnotatedError {
                    spans: [
                        SpannedMessage {
                            span: 86..101,
                            msg: "Validation failed: Array contains invalid elements",
                        },
                    ],
                    help: Some(
                        "The value failed validation checks.",
                    ),
                },
            },
            HydratedAnnotatedError {
                source: RefCell {
                    value: "\n            an_enum = 'One'\n            opt_enum = 'TwoThree'\n            vec_enum = ['One', 'Four']\n            opt_vec_enum = ['TwoThree', 'One']\n        ",
                },
                inner: AnnotatedError {
                    spans: [
                        SpannedMessage {
                            span: 129..148,
                            msg: "Validation failed: Array contains invalid elements",
                        },
                    ],
                    help: Some(
                        "The value failed validation checks.",
                    ),
                },
            },
        ],
        PartialEnumOutput {
            an_enum: TomlValue {
                value: None,
                state: NotSet,
                required: false,
            },
            opt_enum: TomlValue {
                value: None,
                state: NotSet,
                required: false,
            },
            vec_enum: TomlValue {
                value: None,
                state: ValidationFailed {
                    span: 86..101,
                    message: "Array contains invalid elements",
                },
                required: true,
            },
            opt_vec_enum: TomlValue {
                value: None,
                state: ValidationFailed {
                    span: 129..148,
                    message: "Array contains invalid elements",
                },
                required: false,
            },
        },
    ),
)

thread 'test_enum_happy_path' (2350727) panicked at toml-pretty-deser/tests/basic.rs:342:5:
assertion failed: result.is_ok()

---- test_enum_invalid_variant stdout ----
[toml-pretty-deser/tests/basic.rs:386:5] &result = Err(
    DeserFailure(
        [
            HydratedAnnotatedError {
                source: RefCell {
                    value: "\n            an_enum = 'InvalidVariant'\n            vec_enum = ['One']\n        ",
                },
                inner: AnnotatedError {
                    spans: [
                        SpannedMessage {
                            span: 63..70,
                            msg: "Validation failed: Array contains invalid elements",
                        },
                    ],
                    help: Some(
                        "The value failed validation checks.",
                    ),
                },
            },
        ],
        PartialEnumOutput {
            an_enum: TomlValue {
                value: None,
                state: NotSet,
                required: false,
            },
            opt_enum: TomlValue {
                value: None,
                state: NotSet,
                required: false,
            },
            vec_enum: TomlValue {
                value: None,
                state: ValidationFailed {
                    span: 63..70,
                    message: "Array contains invalid elements",
                },
                required: true,
            },
            opt_vec_enum: TomlValue {
                value: Some(
                    None,
                ),
                state: Ok {
                    span: 0..0,
                },
                required: false,
            },
        },
    ),
)

thread 'test_enum_invalid_variant' (2350728) panicked at toml-pretty-deser/tests/basic.rs:388:9:
assertion failed: errors.iter().any(|e| e.inner.spans[0].msg.contains("Invalid enum variant"))

---- test_enum_missing_required stdout ----
[toml-pretty-deser/tests/basic.rs:404:5] &result = Err(
    DeserFailure(
        [
            HydratedAnnotatedError {
                source: RefCell {
                    value: "\n            # an_enum is missing\n            vec_enum = ['One']\n        ",
                },
                inner: AnnotatedError {
                    spans: [
                        SpannedMessage {
                            span: 57..64,
                            msg: "Validation failed: Array contains invalid elements",
                        },
                    ],
                    help: Some(
                        "The value failed validation checks.",
                    ),
                },
            },
        ],
        PartialEnumOutput {
            an_enum: TomlValue {
                value: None,
                state: NotSet,
                required: false,
            },
            opt_enum: TomlValue {
                value: None,
                state: NotSet,
                required: false,
            },
            vec_enum: TomlValue {
                value: None,
                state: ValidationFailed {
                    span: 57..64,
                    message: "Array contains invalid elements",
                },
                required: true,
            },
            opt_vec_enum: TomlValue {
                value: Some(
                    None,
                ),
                state: Ok {
                    span: 0..0,
                },
                required: false,
            },
        },
    ),
)

thread 'test_enum_missing_required' (2350729) panicked at toml-pretty-deser/tests/basic.rs:406:9:
assertion failed: errors.iter().any(|e| e.inner.spans[0].msg.contains("an_enum"))

---- test_enum_optional_missing stdout ----
[toml-pretty-deser/tests/basic.rs:367:5] &result = Err(
    DeserFailure(
        [
            HydratedAnnotatedError {
                source: RefCell {
                    value: "\n            an_enum = 'Four'\n            # opt_enum is missing\n            vec_enum = ['TwoThree']\n            # opt_vec_enum is missing\n        ",
                },
                inner: AnnotatedError {
                    spans: [
                        SpannedMessage {
                            span: 87..99,
                            msg: "Validation failed: Array contains invalid elements",
                        },
                    ],
                    help: Some(
                        "The value failed validation checks.",
                    ),
                },
            },
        ],
        PartialEnumOutput {
            an_enum: TomlValue {
                value: None,
                state: NotSet,
                required: false,
            },
            opt_enum: TomlValue {
                value: None,
                state: NotSet,
                required: false,
            },
            vec_enum: TomlValue {
                value: None,
                state: ValidationFailed {
                    span: 87..99,
                    message: "Array contains invalid elements",
                },
                required: true,
            },
            opt_vec_enum: TomlValue {
                value: Some(
                    None,
                ),
                state: Ok {
                    span: 0..0,
                },
                required: false,
            },
        },
    ),
)

thread 'test_enum_optional_missing' (2350730) panicked at toml-pretty-deser/tests/basic.rs:368:5:
assertion failed: result.is_ok()

---- test_nested_happy_half stdout ----
[toml-pretty-deser/tests/basic.rs:488:5] &result = Err(
    DeserFailure(
        [
            HydratedAnnotatedError {
                source: RefCell {
                    value: "\n        [nested]\n            name = 'a'\n        ",
                },
                inner: AnnotatedError {
                    spans: [
                        SpannedMessage {
                            span: 9..17,
                            msg: "Missing required key: value",
                        },
                    ],
                    help: Some(
                        "This key is required but was not found in the TOML document.",
                    ),
                },
            },
        ],
        PartialOuter {
            nested: TomlValue {
                value: Some(
                    PartialNested {
                        name: TomlValue {
                            value: None,
                            state: NotSet,
                            required: false,
                        },
                        value: TomlValue {
                            value: None,
                            state: Missing {
                                key: "value",
                                parent_span: 9..17,
                            },
                            required: true,
                        },
                    },
                ),
                state: Ok {
                    span: 9..17,
                },
                required: true,
            },
            inline_nested: TomlValue {
                value: None,
                state: Missing {
                    key: "inline_nested",
                    parent_span: 0..0,
                },
                required: true,
            },
            opt_nested: TomlValue {
                value: Some(
                    None,
                ),
                state: Ok {
                    span: 0..0,
                },
                required: false,
            },
            vec_nested: TomlValue {
                value: None,
                state: Missing {
                    key: "vec_nested",
                    parent_span: 0..0,
                },
                required: true,
            },
        },
    ),
)

thread 'test_nested_happy_half' (2350734) panicked at toml-pretty-deser/tests/basic.rs:491:60:
called `Option::unwrap()` on a `None` value

---- test_happy_path stdout ----
[toml-pretty-deser/tests/basic.rs:59:5] &result = Err(
    StillIncomplete(
        [],
        PartialOutput {
            a_u8: TomlValue {
                value: Some(
                    255,
                ),
                state: Ok {
                    span: 20..23,
                },
                required: true,
            },
            a_i64: TomlValue {
                value: Some(
                    -123,
                ),
                state: Ok {
                    span: 44..48,
                },
                required: true,
            },
            a_f64: TomlValue {
                value: Some(
                    3.14,
                ),
                state: Ok {
                    span: 69..73,
                },
                required: true,
            },
            a_string: TomlValue {
                value: None,
                state: NotSet,
                required: false,
            },
            a_bool: TomlValue {
                value: Some(
                    true,
                ),
                state: Ok {
                    span: 134..138,
                },
                required: true,
            },
            opt_a_u8: TomlValue {
                value: Some(
                    Some(
                        128,
                    ),
                ),
                state: Ok {
                    span: 163..166,
                },
                required: false,
            },
            opt_a_i64: TomlValue {
                value: Some(
                    Some(
                        -456,
                    ),
                ),
                state: Ok {
                    span: 191..195,
                },
                required: false,
            },
            opt_a_f64: TomlValue {
                value: Some(
                    Some(
                        2.71,
                    ),
                ),
                state: Ok {
                    span: 220..224,
                },
                required: false,
            },
            opt_a_string: TomlValue {
                value: None,
                state: NotSet,
                required: false,
            },
            opt_a_bool: TomlValue {
                value: Some(
                    Some(
                        false,
                    ),
                ),
                state: Ok {
                    span: 295..300,
                },
                required: false,
            },
            verified_i16: TomlValue {
                value: Some(
                    10,
                ),
                state: Ok {
                    span: 329..331,
                },
                required: true,
            },
            defaulted_i16: TomlValue {
                value: Some(
                    100,
                ),
                state: Ok {
                    span: 360..363,
                },
                required: true,
            },
        },
    ),
)

thread 'test_happy_path' (2350731) panicked at toml-pretty-deser/tests/basic.rs:60:5:
assertion failed: result.is_ok()

---- test_nested_happy stdout ----
[toml-pretty-deser/tests/basic.rs:463:5] &result = Err(
    StillIncomplete(
        [],
        PartialOuter {
            nested: TomlValue {
                value: Some(
                    PartialNested {
                        name: TomlValue {
                            value: None,
                            state: NotSet,
                            required: false,
                        },
                        value: TomlValue {
                            value: Some(
                                1,
                            ),
                            state: Ok {
                                span: 143..144,
                            },
                            required: true,
                        },
                    },
                ),
                state: Ok {
                    span: 91..99,
                },
                required: true,
            },
            inline_nested: TomlValue {
                value: Some(
                    PartialNested {
                        name: TomlValue {
                            value: None,
                            state: NotSet,
                            required: false,
                        },
                        value: TomlValue {
                            value: Some(
                                4,
                            ),
                            state: Ok {
                                span: 71..72,
                            },
                            required: true,
                        },
                    },
                ),
                state: Ok {
                    span: 25..82,
                },
                required: true,
            },
            opt_nested: TomlValue {
                value: Some(
                    Some(
                        PartialNested {
                            name: TomlValue {
                                value: None,
                                state: NotSet,
                                required: false,
                            },
                            value: TomlValue {
                                value: Some(
                                    2,
                                ),
                                state: Ok {
                                    span: 210..211,
                                },
                                required: true,
                            },
                        },
                    ),
                ),
                state: Ok {
                    span: 154..166,
                },
                required: false,
            },
            vec_nested: TomlValue {
                value: Some(
                    [
                        PartialNested {
                            name: TomlValue {
                                value: None,
                                state: NotSet,
                                required: false,
                            },
                            value: TomlValue {
                                value: Some(
                                    31,
                                ),
                                state: Ok {
                                    span: 280..282,
                                },
                                required: true,
                            },
                        },
                        PartialNested {
                            name: TomlValue {
                                value: None,
                                state: NotSet,
                                required: false,
                            },
                            value: TomlValue {
                                value: Some(
                                    32,
                                ),
                                state: Ok {
                                    span: 351..353,
                                },
                                required: true,
                            },
                        },
                    ],
                ),
                state: Ok {
                    span: 221..306,
                },
                required: true,
            },
        },
    ),
)

thread 'test_nested_happy' (2350733) panicked at toml-pretty-deser/tests/basic.rs:464:5:
assertion failed: result.is_ok()

---- test_nested_with_any_case_mode stdout ----
[toml-pretty-deser/tests/basic.rs:954:5] &result = Err(
    StillIncomplete(
        [],
        PartialOuterAliased {
            nested: TomlValue {
                value: Some(
                    PartialAliasedNested {
                        nested_name: TomlValue {
                            value: None,
                            state: NotSet,
                            required: false,
                        },
                    },
                ),
                state: Ok {
                    span: 9..17,
                },
                required: true,
            },
        },
    ),
)

thread 'test_nested_with_any_case_mode' (2350736) panicked at toml-pretty-deser/tests/basic.rs:955:5:
assertion failed: result.is_ok()

---- test_nested_with_alias stdout ----
[toml-pretty-deser/tests/basic.rs:938:5] &result = Err(
    StillIncomplete(
        [],
        PartialOuterAliased {
            nested: TomlValue {
                value: Some(
                    PartialAliasedNested {
                        nested_name: TomlValue {
                            value: None,
                            state: NotSet,
                            required: false,
                        },
                    },
                ),
                state: Ok {
                    span: 9..17,
                },
                required: true,
            },
        },
    ),
)

thread 'test_nested_with_alias' (2350735) panicked at toml-pretty-deser/tests/basic.rs:939:5:
assertion failed: result.is_ok()

---- test_two_errors_pretty stdout ----
[toml-pretty-deser/tests/basic.rs:669:5] &result = Err(
    DeserFailure(
        [
            HydratedAnnotatedError {
                source: RefCell {
                    value: "\n        [level1]\n            name = 'l1'\n\n        [level1.level2]\n            other = 2\n            # missing data field\n        ",
                },
                inner: AnnotatedError {
                    spans: [
                        SpannedMessage {
                            span: 79..84,
                            msg: "Unknown key: other",
                        },
                    ],
                    help: Some(
                        "Did you mean: 'data'?",
                    ),
                },
            },
        ],
        PartialRoot {
            level1: TomlValue {
                value: Some(
                    PartialLevel1 {
                        name: TomlValue {
                            value: None,
                            state: NotSet,
                            required: false,
                        },
                        level2: TomlValue {
                            value: Some(
                                PartialLevel2 {
                                    data: TomlValue {
                                        value: None,
                                        state: NotSet,
                                        required: false,
                                    },
                                },
                            ),
                            state: ValidationFailed {
                                span: 51..66,
                                message: "Nested struct has errors",
                            },
                            required: true,
                        },
                        opt_level2: TomlValue {
                            value: Some(
                                None,
                            ),
                            state: Ok {
                                span: 0..0,
                            },
                            required: false,
                        },
                    },
                ),
                state: ValidationFailed {
                    span: 9..17,
                    message: "Nested struct has errors",
                },
                required: true,
            },
            opt_level1: TomlValue {
                value: Some(
                    None,
                ),
                state: Ok {
                    span: 0..0,
                },
                required: false,
            },
        },
    ),
)

thread 'test_two_errors_pretty' (2350739) panicked at toml-pretty-deser/tests/basic.rs:671:9:
assertion `left == right` failed
  left: 1
 right: 2

---- test_optional_missing stdout ----
[toml-pretty-deser/tests/basic.rs:128:5] &result = Err(
    StillIncomplete(
        [],
        PartialOutput {
            a_u8: TomlValue {
                value: Some(
                    255,
                ),
                state: Ok {
                    span: 20..23,
                },
                required: true,
            },
            a_i64: TomlValue {
                value: Some(
                    -123,
                ),
                state: Ok {
                    span: 44..48,
                },
                required: true,
            },
            a_f64: TomlValue {
                value: Some(
                    3.14,
                ),
                state: Ok {
                    span: 69..73,
                },
                required: true,
            },
            a_string: TomlValue {
                value: None,
                state: NotSet,
                required: false,
            },
            a_bool: TomlValue {
                value: Some(
                    true,
                ),
                state: Ok {
                    span: 134..138,
                },
                required: true,
            },
            opt_a_u8: TomlValue {
                value: Some(
                    None,
                ),
                state: Ok {
                    span: 0..0,
                },
                required: false,
            },
            opt_a_i64: TomlValue {
                value: Some(
                    None,
                ),
                state: Ok {
                    span: 0..0,
                },
                required: false,
            },
            opt_a_f64: TomlValue {
                value: Some(
                    None,
                ),
                state: Ok {
                    span: 0..0,
                },
                required: false,
            },
            opt_a_string: TomlValue {
                value: None,
                state: NotSet,
                required: false,
            },
            opt_a_bool: TomlValue {
                value: Some(
                    None,
                ),
                state: Ok {
                    span: 0..0,
                },
                required: false,
            },
            verified_i16: TomlValue {
                value: Some(
                    10,
                ),
                state: Ok {
                    span: 346..348,
                },
                required: true,
            },
            defaulted_i16: TomlValue {
                value: Some(
                    42,
                ),
                state: Ok {
                    span: 0..0,
                },
                required: false,
            },
        },
    ),
)

thread 'test_optional_missing' (2350737) panicked at toml-pretty-deser/tests/basic.rs:129:5:
assertion failed: result.is_ok()

---- test_two_level_nested_missing_inner_field stdout ----
[toml-pretty-deser/tests/basic.rs:647:5] &result = Err(
    StillIncomplete(
        [],
        PartialRoot {
            level1: TomlValue {
                value: Some(
                    PartialLevel1 {
                        name: TomlValue {
                            value: None,
                            state: NotSet,
                            required: false,
                        },
                        level2: TomlValue {
                            value: Some(
                                PartialLevel2 {
                                    data: TomlValue {
                                        value: None,
                                        state: NotSet,
                                        required: false,
                                    },
                                },
                            ),
                            state: Ok {
                                span: 51..66,
                            },
                            required: true,
                        },
                        opt_level2: TomlValue {
                            value: Some(
                                None,
                            ),
                            state: Ok {
                                span: 0..0,
                            },
                            required: false,
                        },
                    },
                ),
                state: Ok {
                    span: 9..17,
                },
                required: true,
            },
            opt_level1: TomlValue {
                value: Some(
                    None,
                ),
                state: Ok {
                    span: 0..0,
                },
                required: false,
            },
        },
    ),
)

thread 'test_two_level_nested_missing_inner_field' (2350743) panicked at toml-pretty-deser/tests/basic.rs:653:9:
Expected failure due to missing data field in level2

---- test_two_level_nested_happy stdout ----
[toml-pretty-deser/tests/basic.rs:546:5] &result = Err(
    StillIncomplete(
        [],
        PartialRoot {
            level1: TomlValue {
                value: Some(
                    PartialLevel1 {
                        name: TomlValue {
                            value: None,
                            state: NotSet,
                            required: false,
                        },
                        level2: TomlValue {
                            value: Some(
                                PartialLevel2 {
                                    data: TomlValue {
                                        value: None,
                                        state: NotSet,
                                        required: false,
                                    },
                                },
                            ),
                            state: Ok {
                                span: 60..75,
                            },
                            required: true,
                        },
                        opt_level2: TomlValue {
                            value: Some(
                                None,
                            ),
                            state: Ok {
                                span: 0..0,
                            },
                            required: false,
                        },
                    },
                ),
                state: Ok {
                    span: 9..17,
                },
                required: true,
            },
            opt_level1: TomlValue {
                value: Some(
                    Some(
                        PartialLevel1 {
                            name: TomlValue {
                                value: None,
                                state: NotSet,
                                required: false,
                            },
                            level2: TomlValue {
                                value: Some(
                                    PartialLevel2 {
                                        data: TomlValue {
                                            value: None,
                                            state: NotSet,
                                            required: false,
                                        },
                                    },
                                ),
                                state: Ok {
                                    span: 170..189,
                                },
                                required: true,
                            },
                            opt_level2: TomlValue {
                                value: Some(
                                    None,
                                ),
                                state: Ok {
                                    span: 0..0,
                                },
                                required: false,
                            },
                        },
                    ),
                ),
                state: Ok {
                    span: 118..130,
                },
                required: false,
            },
        },
    ),
)

thread 'test_two_level_nested_happy' (2350740) panicked at toml-pretty-deser/tests/basic.rs:547:5:
assertion failed: result.is_ok()

---- test_two_level_nested_inline_table stdout ----
[toml-pretty-deser/tests/basic.rs:604:5] &result = Err(
    StillIncomplete(
        [],
        PartialRoot {
            level1: TomlValue {
                value: Some(
                    PartialLevel1 {
                        name: TomlValue {
                            value: None,
                            state: NotSet,
                            required: false,
                        },
                        level2: TomlValue {
                            value: Some(
                                PartialLevel2 {
                                    data: TomlValue {
                                        value: None,
                                        state: NotSet,
                                        required: false,
                                    },
                                },
                            ),
                            state: Ok {
                                span: 73..123,
                            },
                            required: true,
                        },
                        opt_level2: TomlValue {
                            value: Some(
                                Some(
                                    PartialLevel2 {
                                        data: TomlValue {
                                            value: None,
                                            state: NotSet,
                                            required: false,
                                        },
                                    },
                                ),
                            ),
                            state: Ok {
                                span: 150..204,
                            },
                            required: false,
                        },
                    },
                ),
                state: Ok {
                    span: 18..214,
                },
                required: true,
            },
            opt_level1: TomlValue {
                value: Some(
                    None,
                ),
                state: Ok {
                    span: 0..0,
                },
                required: false,
            },
        },
    ),
)

thread 'test_two_level_nested_inline_table' (2350741) panicked at toml-pretty-deser/tests/basic.rs:605:5:
assertion failed: result.is_ok()

---- test_two_level_nested_with_optional_nested stdout ----
[toml-pretty-deser/tests/basic.rs:575:5] &result = Err(
    StillIncomplete(
        [],
        PartialRoot {
            level1: TomlValue {
                value: Some(
                    PartialLevel1 {
                        name: TomlValue {
                            value: None,
                            state: NotSet,
                            required: false,
                        },
                        level2: TomlValue {
                            value: Some(
                                PartialLevel2 {
                                    data: TomlValue {
                                        value: None,
                                        state: NotSet,
                                        required: false,
                                    },
                                },
                            ),
                            state: Ok {
                                span: 51..66,
                            },
                            required: true,
                        },
                        opt_level2: TomlValue {
                            value: Some(
                                Some(
                                    PartialLevel2 {
                                        data: TomlValue {
                                            value: None,
                                            state: NotSet,
                                            required: false,
                                        },
                                    },
                                ),
                            ),
                            state: Ok {
                                span: 105..124,
                            },
                            required: false,
                        },
                    },
                ),
                state: Ok {
                    span: 9..17,
                },
                required: true,
            },
            opt_level1: TomlValue {
                value: Some(
                    None,
                ),
                state: Ok {
                    span: 0..0,
                },
                required: false,
            },
        },
    ),
)

thread 'test_two_level_nested_with_optional_nested' (2350744) panicked at toml-pretty-deser/tests/basic.rs:576:5:
assertion failed: result.is_ok()

---- test_upper_lower_mode stdout ----
[toml-pretty-deser/tests/basic.rs:760:5] &result = Err(
    StillIncomplete(
        [],
        PartialCaseOutput {
            my_field: TomlValue {
                value: None,
                state: NotSet,
                required: false,
            },
            another_field: TomlValue {
                value: Some(
                    123,
                ),
                state: Ok {
                    span: 57..60,
                },
                required: true,
            },
        },
    ),
)

thread 'test_upper_lower_mode' (2350745) panicked at toml-pretty-deser/tests/basic.rs:761:5:
assertion failed: result.is_ok()


failures:
    test_alias_exact_mode
    test_alias_with_any_case_mode
    test_any_case_mode_camel
    test_any_case_mode_kebab
    test_any_case_mode_shouty
    test_any_case_mode_snake
    test_any_case_mode_train
    test_any_case_mode_upper_camel
    test_arrays_and_nested
    test_arrays_with_optional
    test_complex_mixed_case
    test_enum_happy_path
    test_enum_invalid_variant
    test_enum_missing_required
    test_enum_optional_missing
    test_happy_path
    test_nested_happy
    test_nested_happy_half
    test_nested_with_alias
    test_nested_with_any_case_mode
    test_optional_missing
    test_two_errors_pretty
    test_two_level_nested_happy
    test_two_level_nested_inline_table
    test_two_level_nested_missing_inner_field
    test_two_level_nested_with_optional_nested
    test_upper_lower_mode

test result: FAILED. 10 passed; 27 failed; 0 ignored; 0 measured; 0 filtered out; finished in 0.00s

error: test failed, to rerun pass `-p toml-pretty-deser --test basic`

*** result: Failure(101)
